This file contains any messages produced by compilers while
running configure, to aid debugging if configure makes a mistake.

It was created by dosbox configure 0.74-3, which was
generated by GNU Autoconf 2.68.  Invocation command line was

  $ ./configure --enable-core-inline LDFLAGS=-static-libgcc -static-libstdc++ -s

## --------- ##
## Platform. ##
## --------- ##

hostname = Bubba
uname -m = i686
uname -r = 1.0.19(0.48/3/2)
uname -s = MINGW32_NT-6.2
uname -v = 2016-07-13 17:45

/usr/bin/uname -p = unknown
/bin/uname -X     = unknown

/bin/arch              = unknown
/usr/bin/arch -k       = unknown
/usr/convex/getsysinfo = unknown
/usr/bin/hostinfo      = unknown
/bin/machine           = unknown
/usr/bin/oslevel       = unknown
/bin/universe          = unknown

PATH: .
PATH: /usr/local/bin
PATH: /mingw/bin
PATH: /bin
PATH: /c/aXa/bin/batch
PATH: /c/Users/Maestro/AppData/Local/Microsoft/WindowsApps
PATH: /c/Program Files (x86)/Common Files/Oracle/Java/javapath
PATH: /c/Program Files/PuTTY/
PATH: /c/Program Files (x86)/mitmproxy/bin
PATH: /c/aXa/bin/Git/cmd
PATH: /c/WINDOWS/system32
PATH: /c/WINDOWS
PATH: /c/WINDOWS/System32/Wbem
PATH: /c/WINDOWS/System32/WindowsPowerShell/v1.0/
PATH: /c/WINDOWS/System32/OpenSSH/
PATH: /c/Program Files/nodejs/
PATH: /c/Program Files/WireGuard/
PATH: .
PATH: .
PATH: /usr/local/bin
PATH: /mingw/bin
PATH: /mingw/mingw32/bin
PATH: /bin


## ----------- ##
## Core tests. ##
## ----------- ##

configure:2483: checking build system type
configure:2497: result: i686-pc-mingw32
configure:2517: checking host system type
configure:2530: result: i686-pc-mingw32
configure:2568: checking for a BSD-compatible install
configure:2636: result: /bin/install -c
configure:2647: checking whether build environment is sane
configure:2697: result: yes
configure:2838: checking for a thread-safe mkdir -p
configure:2877: result: /bin/mkdir -p
configure:2890: checking for gawk
configure:2906: found /bin/gawk
configure:2917: result: gawk
configure:2928: checking whether make sets $(MAKE)
configure:2950: result: yes
configure:3033: checking whether make sets $(MAKE)
configure:3055: result: yes
configure:3112: checking for gcc
configure:3128: found /mingw/mingw32/bin/gcc
configure:3139: result: gcc
configure:3368: checking for C compiler version
configure:3377: gcc --version >&5
gcc.exe (i686-win32-dwarf-rev0, Built by MinGW-W64 project) 8.1.0
Copyright (C) 2018 Free Software Foundation, Inc.
This is free software; see the source for copying conditions.  There is NO
warranty; not even for MERCHANTABILITY or FITNESS FOR A PARTICULAR PURPOSE.

configure:3388: $? = 0
configure:3377: gcc -v >&5
Using built-in specs.
COLLECT_GCC=C:\aXa\bin\MinGW\mingw32\bin\gcc.exe
COLLECT_LTO_WRAPPER=C:/aXa/bin/MinGW/mingw32/bin/../libexec/gcc/i686-w64-mingw32/8.1.0/lto-wrapper.exe
Target: i686-w64-mingw32
Configured with: ../../../src/gcc-8.1.0/configure --host=i686-w64-mingw32 --build=i686-w64-mingw32 --target=i686-w64-mingw32 --prefix=/mingw32 --with-sysroot=/c/mingw810/i686-810-win32-dwarf-rt_v6-rev0/mingw32 --enable-shared --enable-static --disable-multilib --enable-languages=c,c++,fortran,lto --enable-libstdcxx-time=yes --enable-threads=win32 --enable-libgomp --enable-libatomic --enable-lto --enable-graphite --enable-checking=release --enable-fully-dynamic-string --enable-version-specific-runtime-libs --disable-sjlj-exceptions --with-dwarf2 --disable-libstdcxx-pch --disable-libstdcxx-debug --enable-bootstrap --disable-rpath --disable-win32-registry --disable-nls --disable-werror --disable-symvers --with-gnu-as --with-gnu-ld --with-arch=i686 --with-tune=generic --with-libiconv --with-system-zlib --with-gmp=/c/mingw810/prerequisites/i686-w64-mingw32-static --with-mpfr=/c/mingw810/prerequisites/i686-w64-mingw32-static --with-mpc=/c/mingw810/prerequisites/i686-w64-mingw32-static --with-isl=/c/mingw810/prerequisites/i686-w64-mingw32-static --with-pkgversion='i686-win32-dwarf-rev0, Built by MinGW-W64 project' --with-bugurl=https://sourceforge.net/projects/mingw-w64 CFLAGS='-O2 -pipe -fno-ident -I/c/mingw810/i686-810-win32-dwarf-rt_v6-rev0/mingw32/opt/include -I/c/mingw810/prerequisites/i686-zlib-static/include -I/c/mingw810/prerequisites/i686-w64-mingw32-static/include' CXXFLAGS='-O2 -pipe -fno-ident -I/c/mingw810/i686-810-win32-dwarf-rt_v6-rev0/mingw32/opt/include -I/c/mingw810/prerequisites/i686-zlib-static/include -I/c/mingw810/prerequisites/i686-w64-mingw32-static/include' CPPFLAGS=' -I/c/mingw810/i686-810-win32-dwarf-rt_v6-rev0/mingw32/opt/include -I/c/mingw810/prerequisites/i686-zlib-static/include -I/c/mingw810/prerequisites/i686-w64-mingw32-static/include' LDFLAGS='-pipe -fno-ident -L/c/mingw810/i686-810-win32-dwarf-rt_v6-rev0/mingw32/opt/lib -L/c/mingw810/prerequisites/i686-zlib-static/lib -L/c/mingw810/prerequisites/i686-w64-mingw32-static/lib -Wl,--large-address-aware'
Thread model: win32
gcc version 8.1.0 (i686-win32-dwarf-rev0, Built by MinGW-W64 project) 
configure:3388: $? = 0
configure:3377: gcc -V >&5
gcc.exe: error: unrecognized command line option '-V'
gcc.exe: fatal error: no input files
compilation terminated.
configure:3388: $? = 1
configure:3377: gcc -qversion >&5
gcc.exe: error: unrecognized command line option '-qversion'; did you mean '--version'?
gcc.exe: fatal error: no input files
compilation terminated.
configure:3388: $? = 1
configure:3408: checking whether the C compiler works
configure:3430: gcc   -static-libgcc -static-libstdc++ -s conftest.c  >&5
configure:3434: $? = 0
configure:3482: result: yes
configure:3485: checking for C compiler default output file name
configure:3487: result: a.exe
configure:3493: checking for suffix of executables
configure:3500: gcc -o conftest.exe   -static-libgcc -static-libstdc++ -s conftest.c  >&5
configure:3504: $? = 0
configure:3526: result: .exe
configure:3548: checking whether we are cross compiling
configure:3556: gcc -o conftest.exe   -static-libgcc -static-libstdc++ -s conftest.c  >&5
configure:3560: $? = 0
configure:3567: ./conftest.exe
configure:3571: $? = 0
configure:3586: result: no
configure:3591: checking for suffix of object files
configure:3613: gcc -c   conftest.c >&5
configure:3617: $? = 0
configure:3638: result: o
configure:3642: checking whether we are using the GNU C compiler
configure:3661: gcc -c   conftest.c >&5
configure:3661: $? = 0
configure:3670: result: yes
configure:3679: checking whether gcc accepts -g
configure:3699: gcc -c -g  conftest.c >&5
configure:3699: $? = 0
configure:3740: result: yes
configure:3757: checking for gcc option to accept ISO C89
configure:3821: gcc  -c -g -O2  conftest.c >&5
configure:3821: $? = 0
configure:3834: result: none needed
configure:3865: checking for style of include used by make
configure:3893: result: GNU
configure:3918: checking dependency style of gcc
configure:4028: result: gcc3
configure:4048: checking how to run the C preprocessor
configure:4079: gcc -E  conftest.c
configure:4079: $? = 0
configure:4093: gcc -E  conftest.c
conftest.c:11:10: fatal error: ac_nonexistent.h: No such file or directory
 #include <ac_nonexistent.h>
          ^~~~~~~~~~~~~~~~~~
compilation terminated.
configure:4093: $? = 1
configure: failed program was:
| /* confdefs.h */
| #define PACKAGE_NAME "dosbox"
| #define PACKAGE_TARNAME "dosbox"
| #define PACKAGE_VERSION "0.74-3"
| #define PACKAGE_STRING "dosbox 0.74-3"
| #define PACKAGE_BUGREPORT ""
| #define PACKAGE_URL ""
| #define PACKAGE "dosbox"
| #define VERSION "0.74-3"
| /* end confdefs.h.  */
| #include <ac_nonexistent.h>
configure:4118: result: gcc -E
configure:4138: gcc -E  conftest.c
configure:4138: $? = 0
configure:4152: gcc -E  conftest.c
conftest.c:11:10: fatal error: ac_nonexistent.h: No such file or directory
 #include <ac_nonexistent.h>
          ^~~~~~~~~~~~~~~~~~
compilation terminated.
configure:4152: $? = 1
configure: failed program was:
| /* confdefs.h */
| #define PACKAGE_NAME "dosbox"
| #define PACKAGE_TARNAME "dosbox"
| #define PACKAGE_VERSION "0.74-3"
| #define PACKAGE_STRING "dosbox 0.74-3"
| #define PACKAGE_BUGREPORT ""
| #define PACKAGE_URL ""
| #define PACKAGE "dosbox"
| #define VERSION "0.74-3"
| /* end confdefs.h.  */
| #include <ac_nonexistent.h>
configure:4238: checking for g++
configure:4254: found /mingw/mingw32/bin/g++
configure:4265: result: g++
configure:4292: checking for C++ compiler version
configure:4301: g++ --version >&5
g++.exe (i686-win32-dwarf-rev0, Built by MinGW-W64 project) 8.1.0
Copyright (C) 2018 Free Software Foundation, Inc.
This is free software; see the source for copying conditions.  There is NO
warranty; not even for MERCHANTABILITY or FITNESS FOR A PARTICULAR PURPOSE.

configure:4312: $? = 0
configure:4301: g++ -v >&5
Using built-in specs.
COLLECT_GCC=C:\aXa\bin\MinGW\mingw32\bin\g++.exe
COLLECT_LTO_WRAPPER=C:/aXa/bin/MinGW/mingw32/bin/../libexec/gcc/i686-w64-mingw32/8.1.0/lto-wrapper.exe
Target: i686-w64-mingw32
Configured with: ../../../src/gcc-8.1.0/configure --host=i686-w64-mingw32 --build=i686-w64-mingw32 --target=i686-w64-mingw32 --prefix=/mingw32 --with-sysroot=/c/mingw810/i686-810-win32-dwarf-rt_v6-rev0/mingw32 --enable-shared --enable-static --disable-multilib --enable-languages=c,c++,fortran,lto --enable-libstdcxx-time=yes --enable-threads=win32 --enable-libgomp --enable-libatomic --enable-lto --enable-graphite --enable-checking=release --enable-fully-dynamic-string --enable-version-specific-runtime-libs --disable-sjlj-exceptions --with-dwarf2 --disable-libstdcxx-pch --disable-libstdcxx-debug --enable-bootstrap --disable-rpath --disable-win32-registry --disable-nls --disable-werror --disable-symvers --with-gnu-as --with-gnu-ld --with-arch=i686 --with-tune=generic --with-libiconv --with-system-zlib --with-gmp=/c/mingw810/prerequisites/i686-w64-mingw32-static --with-mpfr=/c/mingw810/prerequisites/i686-w64-mingw32-static --with-mpc=/c/mingw810/prerequisites/i686-w64-mingw32-static --with-isl=/c/mingw810/prerequisites/i686-w64-mingw32-static --with-pkgversion='i686-win32-dwarf-rev0, Built by MinGW-W64 project' --with-bugurl=https://sourceforge.net/projects/mingw-w64 CFLAGS='-O2 -pipe -fno-ident -I/c/mingw810/i686-810-win32-dwarf-rt_v6-rev0/mingw32/opt/include -I/c/mingw810/prerequisites/i686-zlib-static/include -I/c/mingw810/prerequisites/i686-w64-mingw32-static/include' CXXFLAGS='-O2 -pipe -fno-ident -I/c/mingw810/i686-810-win32-dwarf-rt_v6-rev0/mingw32/opt/include -I/c/mingw810/prerequisites/i686-zlib-static/include -I/c/mingw810/prerequisites/i686-w64-mingw32-static/include' CPPFLAGS=' -I/c/mingw810/i686-810-win32-dwarf-rt_v6-rev0/mingw32/opt/include -I/c/mingw810/prerequisites/i686-zlib-static/include -I/c/mingw810/prerequisites/i686-w64-mingw32-static/include' LDFLAGS='-pipe -fno-ident -L/c/mingw810/i686-810-win32-dwarf-rt_v6-rev0/mingw32/opt/lib -L/c/mingw810/prerequisites/i686-zlib-static/lib -L/c/mingw810/prerequisites/i686-w64-mingw32-static/lib -Wl,--large-address-aware'
Thread model: win32
gcc version 8.1.0 (i686-win32-dwarf-rev0, Built by MinGW-W64 project) 
configure:4312: $? = 0
configure:4301: g++ -V >&5
g++.exe: error: unrecognized command line option '-V'
g++.exe: fatal error: no input files
compilation terminated.
configure:4312: $? = 1
configure:4301: g++ -qversion >&5
g++.exe: error: unrecognized command line option '-qversion'; did you mean '--version'?
g++.exe: fatal error: no input files
compilation terminated.
configure:4312: $? = 1
configure:4316: checking whether we are using the GNU C++ compiler
configure:4335: g++ -c   conftest.cpp >&5
configure:4335: $? = 0
configure:4344: result: yes
configure:4353: checking whether g++ accepts -g
configure:4373: g++ -c -g  conftest.cpp >&5
configure:4373: $? = 0
configure:4414: result: yes
configure:4439: checking dependency style of g++
configure:4549: result: gcc3
configure:4608: checking for ranlib
configure:4624: found /mingw/mingw32/bin/ranlib
configure:4635: result: ranlib
configure:4704: checking for sdl-config
configure:4722: found /usr/local/bin/sdl-config
configure:4735: result: /usr/local/bin/sdl-config
configure:4744: checking for SDL - version >= 1.2.0
configure:4829: gcc -o conftest.exe -g -O2 -I/usr/local/include/SDL -D_GNU_SOURCE=1 -Dmain=SDL_main  -static-libgcc -static-libstdc++ -s conftest.c  -L/usr/local/lib -lmingw32 -lSDLmain -lSDL -mwindows >&5
configure:4829: $? = 0
configure:4829: ./conftest.exe
configure:4829: $? = 0
configure:4843: result: yes
configure:4909: checking SDL version only being 1.2.X
configure:4923: gcc -c -g -O2  -I/usr/local/include/SDL -D_GNU_SOURCE=1 -Dmain=SDL_main conftest.c >&5
configure:4923: $? = 0
configure:4924: result: yes
configure:4935: checking for an ANSI C-conforming const
configure:5000: gcc -c -g -O2  -I/usr/local/include/SDL -D_GNU_SOURCE=1 -Dmain=SDL_main conftest.c >&5
configure:5000: $? = 0
configure:5007: result: yes
configure:5015: checking for inline
configure:5031: gcc -c -g -O2  -I/usr/local/include/SDL -D_GNU_SOURCE=1 -Dmain=SDL_main conftest.c >&5
configure:5031: $? = 0
configure:5039: result: inline
configure:5058: checking for grep that handles long lines and -e
configure:5116: result: /bin/grep
configure:5121: checking for egrep
configure:5183: result: /bin/grep -E
configure:5188: checking for ANSI C header files
configure:5208: gcc -c -g -O2  -I/usr/local/include/SDL -D_GNU_SOURCE=1 -Dmain=SDL_main conftest.c >&5
configure:5208: $? = 0
configure:5281: gcc -o conftest.exe -g -O2  -I/usr/local/include/SDL -D_GNU_SOURCE=1 -Dmain=SDL_main -static-libgcc -static-libstdc++ -s conftest.c  -L/usr/local/lib -lmingw32 -lSDLmain -lSDL -mwindows >&5
configure:5281: $? = 0
configure:5281: ./conftest.exe
configure:5281: $? = 0
configure:5292: result: yes
configure:5305: checking for sys/types.h
configure:5305: gcc -c -g -O2  -I/usr/local/include/SDL -D_GNU_SOURCE=1 -Dmain=SDL_main conftest.c >&5
configure:5305: $? = 0
configure:5305: result: yes
configure:5305: checking for sys/stat.h
configure:5305: gcc -c -g -O2  -I/usr/local/include/SDL -D_GNU_SOURCE=1 -Dmain=SDL_main conftest.c >&5
configure:5305: $? = 0
configure:5305: result: yes
configure:5305: checking for stdlib.h
configure:5305: gcc -c -g -O2  -I/usr/local/include/SDL -D_GNU_SOURCE=1 -Dmain=SDL_main conftest.c >&5
configure:5305: $? = 0
configure:5305: result: yes
configure:5305: checking for string.h
configure:5305: gcc -c -g -O2  -I/usr/local/include/SDL -D_GNU_SOURCE=1 -Dmain=SDL_main conftest.c >&5
configure:5305: $? = 0
configure:5305: result: yes
configure:5305: checking for memory.h
configure:5305: gcc -c -g -O2  -I/usr/local/include/SDL -D_GNU_SOURCE=1 -Dmain=SDL_main conftest.c >&5
configure:5305: $? = 0
configure:5305: result: yes
configure:5305: checking for strings.h
configure:5305: gcc -c -g -O2  -I/usr/local/include/SDL -D_GNU_SOURCE=1 -Dmain=SDL_main conftest.c >&5
configure:5305: $? = 0
configure:5305: result: yes
configure:5305: checking for inttypes.h
configure:5305: gcc -c -g -O2  -I/usr/local/include/SDL -D_GNU_SOURCE=1 -Dmain=SDL_main conftest.c >&5
configure:5305: $? = 0
configure:5305: result: yes
configure:5305: checking for stdint.h
configure:5305: gcc -c -g -O2  -I/usr/local/include/SDL -D_GNU_SOURCE=1 -Dmain=SDL_main conftest.c >&5
configure:5305: $? = 0
configure:5305: result: yes
configure:5305: checking for unistd.h
configure:5305: gcc -c -g -O2  -I/usr/local/include/SDL -D_GNU_SOURCE=1 -Dmain=SDL_main conftest.c >&5
configure:5305: $? = 0
configure:5305: result: yes
configure:5317: checking for size_t
configure:5317: gcc -c -g -O2  -I/usr/local/include/SDL -D_GNU_SOURCE=1 -Dmain=SDL_main conftest.c >&5
configure:5317: $? = 0
configure:5317: gcc -c -g -O2  -I/usr/local/include/SDL -D_GNU_SOURCE=1 -Dmain=SDL_main conftest.c >&5
conftest.c: In function 'SDL_main':
conftest.c:57:21: error: expected expression before ')' token
 if (sizeof ((size_t)))
                     ^
configure:5317: $? = 1
configure: failed program was:
| /* confdefs.h */
| #define PACKAGE_NAME "dosbox"
| #define PACKAGE_TARNAME "dosbox"
| #define PACKAGE_VERSION "0.74-3"
| #define PACKAGE_STRING "dosbox 0.74-3"
| #define PACKAGE_BUGREPORT ""
| #define PACKAGE_URL ""
| #define PACKAGE "dosbox"
| #define VERSION "0.74-3"
| #define STDC_HEADERS 1
| #define HAVE_SYS_TYPES_H 1
| #define HAVE_SYS_STAT_H 1
| #define HAVE_STDLIB_H 1
| #define HAVE_STRING_H 1
| #define HAVE_MEMORY_H 1
| #define HAVE_STRINGS_H 1
| #define HAVE_INTTYPES_H 1
| #define HAVE_STDINT_H 1
| #define HAVE_UNISTD_H 1
| /* end confdefs.h.  */
| #include <stdio.h>
| #ifdef HAVE_SYS_TYPES_H
| # include <sys/types.h>
| #endif
| #ifdef HAVE_SYS_STAT_H
| # include <sys/stat.h>
| #endif
| #ifdef STDC_HEADERS
| # include <stdlib.h>
| # include <stddef.h>
| #else
| # ifdef HAVE_STDLIB_H
| #  include <stdlib.h>
| # endif
| #endif
| #ifdef HAVE_STRING_H
| # if !defined STDC_HEADERS && defined HAVE_MEMORY_H
| #  include <memory.h>
| # endif
| # include <string.h>
| #endif
| #ifdef HAVE_STRINGS_H
| # include <strings.h>
| #endif
| #ifdef HAVE_INTTYPES_H
| # include <inttypes.h>
| #endif
| #ifdef HAVE_STDINT_H
| # include <stdint.h>
| #endif
| #ifdef HAVE_UNISTD_H
| # include <unistd.h>
| #endif
| int
| main ()
| {
| if (sizeof ((size_t)))
| 	    return 0;
|   ;
|   return 0;
| }
configure:5317: result: yes
configure:5328: checking whether struct tm is in sys/time.h or time.h
configure:5348: gcc -c -g -O2  -I/usr/local/include/SDL -D_GNU_SOURCE=1 -Dmain=SDL_main conftest.c >&5
configure:5348: $? = 0
configure:5355: result: time.h
configure:5367: checking size of unsigned char
configure:5372: gcc -o conftest.exe -g -O2  -I/usr/local/include/SDL -D_GNU_SOURCE=1 -Dmain=SDL_main -static-libgcc -static-libstdc++ -s conftest.c  -L/usr/local/lib -lmingw32 -lSDLmain -lSDL -mwindows >&5
configure:5372: $? = 0
configure:5372: ./conftest.exe
configure:5372: $? = 0
configure:5386: result: 1
configure:5400: checking size of unsigned short
configure:5405: gcc -o conftest.exe -g -O2  -I/usr/local/include/SDL -D_GNU_SOURCE=1 -Dmain=SDL_main -static-libgcc -static-libstdc++ -s conftest.c  -L/usr/local/lib -lmingw32 -lSDLmain -lSDL -mwindows >&5
configure:5405: $? = 0
configure:5405: ./conftest.exe
configure:5405: $? = 0
configure:5419: result: 2
configure:5433: checking size of unsigned int
configure:5438: gcc -o conftest.exe -g -O2  -I/usr/local/include/SDL -D_GNU_SOURCE=1 -Dmain=SDL_main -static-libgcc -static-libstdc++ -s conftest.c  -L/usr/local/lib -lmingw32 -lSDLmain -lSDL -mwindows >&5
configure:5438: $? = 0
configure:5438: ./conftest.exe
configure:5438: $? = 0
configure:5452: result: 4
configure:5466: checking size of unsigned long
configure:5471: gcc -o conftest.exe -g -O2  -I/usr/local/include/SDL -D_GNU_SOURCE=1 -Dmain=SDL_main -static-libgcc -static-libstdc++ -s conftest.c  -L/usr/local/lib -lmingw32 -lSDLmain -lSDL -mwindows >&5
configure:5471: $? = 0
configure:5471: ./conftest.exe
configure:5471: $? = 0
configure:5485: result: 4
configure:5499: checking size of unsigned long long
configure:5504: gcc -o conftest.exe -g -O2  -I/usr/local/include/SDL -D_GNU_SOURCE=1 -Dmain=SDL_main -static-libgcc -static-libstdc++ -s conftest.c  -L/usr/local/lib -lmingw32 -lSDLmain -lSDL -mwindows >&5
configure:5504: $? = 0
configure:5504: ./conftest.exe
configure:5504: $? = 0
configure:5518: result: 8
configure:5532: checking size of int *
configure:5537: gcc -o conftest.exe -g -O2  -I/usr/local/include/SDL -D_GNU_SOURCE=1 -Dmain=SDL_main -static-libgcc -static-libstdc++ -s conftest.c  -L/usr/local/lib -lmingw32 -lSDLmain -lSDL -mwindows >&5
configure:5537: $? = 0
configure:5537: ./conftest.exe
configure:5537: $? = 0
configure:5551: result: 4
configure:5565: checking for stdlib.h
configure:5565: result: yes
configure:5565: checking for sys/types.h
configure:5565: result: yes
configure:5578: checking for sys/socket.h
configure:5578: gcc -c -g -O2  -I/usr/local/include/SDL -D_GNU_SOURCE=1 -Dmain=SDL_main conftest.c >&5
conftest.c:43:10: fatal error: sys/socket.h: No such file or directory
 #include <sys/socket.h>
          ^~~~~~~~~~~~~~
compilation terminated.
configure:5578: $? = 1
configure: failed program was:
| /* confdefs.h */
| #define PACKAGE_NAME "dosbox"
| #define PACKAGE_TARNAME "dosbox"
| #define PACKAGE_VERSION "0.74-3"
| #define PACKAGE_STRING "dosbox 0.74-3"
| #define PACKAGE_BUGREPORT ""
| #define PACKAGE_URL ""
| #define PACKAGE "dosbox"
| #define VERSION "0.74-3"
| #define STDC_HEADERS 1
| #define HAVE_SYS_TYPES_H 1
| #define HAVE_SYS_STAT_H 1
| #define HAVE_STDLIB_H 1
| #define HAVE_STRING_H 1
| #define HAVE_MEMORY_H 1
| #define HAVE_STRINGS_H 1
| #define HAVE_INTTYPES_H 1
| #define HAVE_STDINT_H 1
| #define HAVE_UNISTD_H 1
| #define SIZEOF_UNSIGNED_CHAR 1
| #define SIZEOF_UNSIGNED_SHORT 2
| #define SIZEOF_UNSIGNED_INT 4
| #define SIZEOF_UNSIGNED_LONG 4
| #define SIZEOF_UNSIGNED_LONG_LONG 8
| #define SIZEOF_INT_P 4
| #define HAVE_STDLIB_H 1
| #define HAVE_SYS_TYPES_H 1
| /* end confdefs.h.  */
| #include <stdio.h>
| #ifdef STDC_HEADERS
| # include <stdlib.h>
| # include <stddef.h>
| #else
| # ifdef HAVE_STDLIB_H
| #  include <stdlib.h>
| # endif
| #endif
| #ifdef HAVE_SYS_TYPES_H
| # include <sys/types.h>
| #endif
| 
| 
| #include <sys/socket.h>
configure:5578: result: no
configure:5578: checking for netinet/in.h
configure:5578: gcc -c -g -O2  -I/usr/local/include/SDL -D_GNU_SOURCE=1 -Dmain=SDL_main conftest.c >&5
conftest.c:43:10: fatal error: netinet/in.h: No such file or directory
 #include <netinet/in.h>
          ^~~~~~~~~~~~~~
compilation terminated.
configure:5578: $? = 1
configure: failed program was:
| /* confdefs.h */
| #define PACKAGE_NAME "dosbox"
| #define PACKAGE_TARNAME "dosbox"
| #define PACKAGE_VERSION "0.74-3"
| #define PACKAGE_STRING "dosbox 0.74-3"
| #define PACKAGE_BUGREPORT ""
| #define PACKAGE_URL ""
| #define PACKAGE "dosbox"
| #define VERSION "0.74-3"
| #define STDC_HEADERS 1
| #define HAVE_SYS_TYPES_H 1
| #define HAVE_SYS_STAT_H 1
| #define HAVE_STDLIB_H 1
| #define HAVE_STRING_H 1
| #define HAVE_MEMORY_H 1
| #define HAVE_STRINGS_H 1
| #define HAVE_INTTYPES_H 1
| #define HAVE_STDINT_H 1
| #define HAVE_UNISTD_H 1
| #define SIZEOF_UNSIGNED_CHAR 1
| #define SIZEOF_UNSIGNED_SHORT 2
| #define SIZEOF_UNSIGNED_INT 4
| #define SIZEOF_UNSIGNED_LONG 4
| #define SIZEOF_UNSIGNED_LONG_LONG 8
| #define SIZEOF_INT_P 4
| #define HAVE_STDLIB_H 1
| #define HAVE_SYS_TYPES_H 1
| /* end confdefs.h.  */
| #include <stdio.h>
| #ifdef STDC_HEADERS
| # include <stdlib.h>
| # include <stddef.h>
| #else
| # ifdef HAVE_STDLIB_H
| #  include <stdlib.h>
| # endif
| #endif
| #ifdef HAVE_SYS_TYPES_H
| # include <sys/types.h>
| #endif
| 
| 
| #include <netinet/in.h>
configure:5578: result: no
configure:5578: checking for pwd.h
configure:5578: gcc -c -g -O2  -I/usr/local/include/SDL -D_GNU_SOURCE=1 -Dmain=SDL_main conftest.c >&5
conftest.c:43:10: fatal error: pwd.h: No such file or directory
 #include <pwd.h>
          ^~~~~~~
compilation terminated.
configure:5578: $? = 1
configure: failed program was:
| /* confdefs.h */
| #define PACKAGE_NAME "dosbox"
| #define PACKAGE_TARNAME "dosbox"
| #define PACKAGE_VERSION "0.74-3"
| #define PACKAGE_STRING "dosbox 0.74-3"
| #define PACKAGE_BUGREPORT ""
| #define PACKAGE_URL ""
| #define PACKAGE "dosbox"
| #define VERSION "0.74-3"
| #define STDC_HEADERS 1
| #define HAVE_SYS_TYPES_H 1
| #define HAVE_SYS_STAT_H 1
| #define HAVE_STDLIB_H 1
| #define HAVE_STRING_H 1
| #define HAVE_MEMORY_H 1
| #define HAVE_STRINGS_H 1
| #define HAVE_INTTYPES_H 1
| #define HAVE_STDINT_H 1
| #define HAVE_UNISTD_H 1
| #define SIZEOF_UNSIGNED_CHAR 1
| #define SIZEOF_UNSIGNED_SHORT 2
| #define SIZEOF_UNSIGNED_INT 4
| #define SIZEOF_UNSIGNED_LONG 4
| #define SIZEOF_UNSIGNED_LONG_LONG 8
| #define SIZEOF_INT_P 4
| #define HAVE_STDLIB_H 1
| #define HAVE_SYS_TYPES_H 1
| /* end confdefs.h.  */
| #include <stdio.h>
| #ifdef STDC_HEADERS
| # include <stdlib.h>
| # include <stddef.h>
| #else
| # ifdef HAVE_STDLIB_H
| #  include <stdlib.h>
| # endif
| #endif
| #ifdef HAVE_SYS_TYPES_H
| # include <sys/types.h>
| #endif
| 
| 
| #include <pwd.h>
configure:5578: result: no
configure:5622: gcc -c -g -O2  -I/usr/local/include/SDL -D_GNU_SOURCE=1 -Dmain=SDL_main conftest.c >&5
configure:5622: $? = 0
configure:5631: checking if environ can be included
configure:5646: gcc -o conftest.exe -g -O2  -I/usr/local/include/SDL -D_GNU_SOURCE=1 -Dmain=SDL_main -static-libgcc -static-libstdc++ -s conftest.c  -L/usr/local/lib -lmingw32 -lSDLmain -lSDL -mwindows >&5
configure:5646: $? = 0
configure:5647: result: yes
configure:5658: checking if environ can be linked
configure:5671: gcc -o conftest.exe -g -O2  -I/usr/local/include/SDL -D_GNU_SOURCE=1 -Dmain=SDL_main -static-libgcc -static-libstdc++ -s conftest.c  -L/usr/local/lib -lmingw32 -lSDLmain -lSDL -mwindows >&5
configure:5671: $? = 0
configure:5672: result: yes
configure:5683: checking if dirent includes d_type
configure:5695: gcc -c -g -O2  -I/usr/local/include/SDL -D_GNU_SOURCE=1 -Dmain=SDL_main conftest.c >&5
conftest.c: In function 'blah':
conftest.c:36:8: error: 'struct dirent' has no member named 'd_type'; did you mean 'd_name'?
 d_test.d_type = 0;
        ^~~~~~
        d_name
configure:5695: $? = 1
configure: failed program was:
| /* confdefs.h */
| #define PACKAGE_NAME "dosbox"
| #define PACKAGE_TARNAME "dosbox"
| #define PACKAGE_VERSION "0.74-3"
| #define PACKAGE_STRING "dosbox 0.74-3"
| #define PACKAGE_BUGREPORT ""
| #define PACKAGE_URL ""
| #define PACKAGE "dosbox"
| #define VERSION "0.74-3"
| #define STDC_HEADERS 1
| #define HAVE_SYS_TYPES_H 1
| #define HAVE_SYS_STAT_H 1
| #define HAVE_STDLIB_H 1
| #define HAVE_STRING_H 1
| #define HAVE_MEMORY_H 1
| #define HAVE_STRINGS_H 1
| #define HAVE_INTTYPES_H 1
| #define HAVE_STDINT_H 1
| #define HAVE_UNISTD_H 1
| #define SIZEOF_UNSIGNED_CHAR 1
| #define SIZEOF_UNSIGNED_SHORT 2
| #define SIZEOF_UNSIGNED_INT 4
| #define SIZEOF_UNSIGNED_LONG 4
| #define SIZEOF_UNSIGNED_LONG_LONG 8
| #define SIZEOF_INT_P 4
| #define HAVE_STDLIB_H 1
| #define HAVE_SYS_TYPES_H 1
| #define ENVIRON_INCLUDED 1
| #define ENVIRON_LINKED 1
| /* end confdefs.h.  */
| 
| #include <sys/types.h>
| #include <dirent.h>
| void blah(){
| struct dirent d_test;
| d_test.d_type = 0;
| }
configure:5701: result: no
configure:5707: checking for powf in libm
configure:5724: gcc -o conftest.exe -g -O2  -I/usr/local/include/SDL -D_GNU_SOURCE=1 -Dmain=SDL_main -static-libgcc -static-libstdc++ -s conftest.c  -L/usr/local/lib -lmingw32 -lSDLmain -lSDL -mwindows -lm >&5
configure:5724: $? = 0
configure:5725: result: yes
configure:5740: checking if compiler allows __attribute__
configure:5754: gcc -c -g -O2  -I/usr/local/include/SDL -D_GNU_SOURCE=1 -Dmain=SDL_main conftest.c >&5
configure:5754: $? = 0
configure:5755: result: yes
configure:5770: checking if compiler allows __attribute__((always_inline)) 
configure:5777: gcc -c -Werror  -I/usr/local/include/SDL -D_GNU_SOURCE=1 -Dmain=SDL_main conftest.c >&5
configure:5777: $? = 0
configure:5778: result: yes
configure:5788: checking if compiler allows __attribute__((fastcall)) 
configure:5795: gcc -c -Werror  -I/usr/local/include/SDL -D_GNU_SOURCE=1 -Dmain=SDL_main conftest.c >&5
configure:5795: $? = 0
configure:5796: result: yes
configure:5818: checking if compiler allows __builtin_expect
configure:5834: g++ -c -g -O2  -I/usr/local/include/SDL -D_GNU_SOURCE=1 -Dmain=SDL_main conftest.cpp >&5
configure:5834: $? = 0
configure:5835: result: yes
configure:5854: checking if compiler supports -mno-ms-bitfields
configure:5864: gcc -c -mno-ms-bitfields  -I/usr/local/include/SDL -D_GNU_SOURCE=1 -Dmain=SDL_main conftest.c >&5
configure:5864: $? = 0
configure:5866: result: yes
configure:5919: checking for ALSA CFLAGS
configure:5925: result: 
configure:5928: checking for ALSA LDFLAGS
configure:5941: result:  -lasound -lm -ldl -lpthread
configure:5945: checking for libasound headers version >= 0.9.0
configure:6007: gcc -c -g -O2  -I/usr/local/include/SDL -D_GNU_SOURCE=1 -Dmain=SDL_main conftest.c >&5
conftest.c:36:10: fatal error: alsa/asoundlib.h: No such file or directory
 #include <alsa/asoundlib.h>
          ^~~~~~~~~~~~~~~~~~
compilation terminated.
configure:6007: $? = 1
configure: failed program was:
| /* confdefs.h */
| #define PACKAGE_NAME "dosbox"
| #define PACKAGE_TARNAME "dosbox"
| #define PACKAGE_VERSION "0.74-3"
| #define PACKAGE_STRING "dosbox 0.74-3"
| #define PACKAGE_BUGREPORT ""
| #define PACKAGE_URL ""
| #define PACKAGE "dosbox"
| #define VERSION "0.74-3"
| #define STDC_HEADERS 1
| #define HAVE_SYS_TYPES_H 1
| #define HAVE_SYS_STAT_H 1
| #define HAVE_STDLIB_H 1
| #define HAVE_STRING_H 1
| #define HAVE_MEMORY_H 1
| #define HAVE_STRINGS_H 1
| #define HAVE_INTTYPES_H 1
| #define HAVE_STDINT_H 1
| #define HAVE_UNISTD_H 1
| #define SIZEOF_UNSIGNED_CHAR 1
| #define SIZEOF_UNSIGNED_SHORT 2
| #define SIZEOF_UNSIGNED_INT 4
| #define SIZEOF_UNSIGNED_LONG 4
| #define SIZEOF_UNSIGNED_LONG_LONG 8
| #define SIZEOF_INT_P 4
| #define HAVE_STDLIB_H 1
| #define HAVE_SYS_TYPES_H 1
| #define ENVIRON_INCLUDED 1
| #define ENVIRON_LINKED 1
| #define C_HAS_ATTRIBUTE 1
| #define C_ATTRIBUTE_ALWAYS_INLINE 1
| #define C_ATTRIBUTE_FASTCALL 1
| #define C_HAS_BUILTIN_EXPECT 1
| /* end confdefs.h.  */
| 
| #include <alsa/asoundlib.h>
| 
| int
| main ()
| {
| 
| /* ensure backward compatibility */
| #if !defined(SND_LIB_MAJOR) && defined(SOUNDLIB_VERSION_MAJOR)
| #define SND_LIB_MAJOR SOUNDLIB_VERSION_MAJOR
| #endif
| #if !defined(SND_LIB_MINOR) && defined(SOUNDLIB_VERSION_MINOR)
| #define SND_LIB_MINOR SOUNDLIB_VERSION_MINOR
| #endif
| #if !defined(SND_LIB_SUBMINOR) && defined(SOUNDLIB_VERSION_SUBMINOR)
| #define SND_LIB_SUBMINOR SOUNDLIB_VERSION_SUBMINOR
| #endif
| 
| #  if(SND_LIB_MAJOR > 0)
|   exit(0);
| #  else
| #    if(SND_LIB_MAJOR < 0)
| #       error not present
| #    endif
| 
| #   if(SND_LIB_MINOR > 9)
|   exit(0);
| #   else
| #     if(SND_LIB_MINOR < 9)
| #          error not present
| #      endif
| 
| #      if(SND_LIB_SUBMINOR < 0)
| #        error not present
| #      endif
| #    endif
| #  endif
| exit(0);
| 
|   ;
|   return 0;
| }
configure:6011: result: not present.
configure:6025: checking for snd_ctl_open in -lasound
configure:6050: gcc -o conftest.exe -g -O2  -I/usr/local/include/SDL -D_GNU_SOURCE=1 -Dmain=SDL_main -static-libgcc -static-libstdc++ -s conftest.c -lasound   -lasound -lm -ldl -lpthread -L/usr/local/lib ingw32 -lSDLmain -lSDL -mwindows >&5
gcc.exe: error: ingw32: No such file or directory
configure:6050: $? = 1
configure: failed program was:
| /* confdefs.h */
| #define PACKAGE_NAME "dosbox"
| #define PACKAGE_TARNAME "dosbox"
| #define PACKAGE_VERSION "0.74-3"
| #define PACKAGE_STRING "dosbox 0.74-3"
| #define PACKAGE_BUGREPORT ""
| #define PACKAGE_URL ""
| #define PACKAGE "dosbox"
| #define VERSION "0.74-3"
| #define STDC_HEADERS 1
| #define HAVE_SYS_TYPES_H 1
| #define HAVE_SYS_STAT_H 1
| #define HAVE_STDLIB_H 1
| #define HAVE_STRING_H 1
| #define HAVE_MEMORY_H 1
| #define HAVE_STRINGS_H 1
| #define HAVE_INTTYPES_H 1
| #define HAVE_STDINT_H 1
| #define HAVE_UNISTD_H 1
| #define SIZEOF_UNSIGNED_CHAR 1
| #define SIZEOF_UNSIGNED_SHORT 2
| #define SIZEOF_UNSIGNED_INT 4
| #define SIZEOF_UNSIGNED_LONG 4
| #define SIZEOF_UNSIGNED_LONG_LONG 8
| #define SIZEOF_INT_P 4
| #define HAVE_STDLIB_H 1
| #define HAVE_SYS_TYPES_H 1
| #define ENVIRON_INCLUDED 1
| #define ENVIRON_LINKED 1
| #define C_HAS_ATTRIBUTE 1
| #define C_ATTRIBUTE_ALWAYS_INLINE 1
| #define C_ATTRIBUTE_FASTCALL 1
| #define C_HAS_BUILTIN_EXPECT 1
| /* end confdefs.h.  */
| 
| /* Override any GCC internal prototype to avoid an error.
|    Use char because int might match the return type of a GCC
|    builtin and then its argument prototype would still apply.  */
| #ifdef __cplusplus
| extern "C"
| #endif
| char snd_ctl_open ();
| int
| main ()
| {
| return snd_ctl_open ();
|   ;
|   return 0;
| }
configure:6059: result: no
configure:6099: checking whether byte ordering is bigendian
configure:6114: gcc -c -g -O2  -I/usr/local/include/SDL -D_GNU_SOURCE=1 -Dmain=SDL_main conftest.c >&5
conftest.c:36:9: error: unknown type name 'not'
         not a universal capable compiler
         ^~~
conftest.c:36:15: error: expected '=', ',', ';', 'asm' or '__attribute__' before 'universal'
         not a universal capable compiler
               ^~~~~~~~~
conftest.c:36:15: error: unknown type name 'universal'
configure:6114: $? = 1
configure: failed program was:
| /* confdefs.h */
| #define PACKAGE_NAME "dosbox"
| #define PACKAGE_TARNAME "dosbox"
| #define PACKAGE_VERSION "0.74-3"
| #define PACKAGE_STRING "dosbox 0.74-3"
| #define PACKAGE_BUGREPORT ""
| #define PACKAGE_URL ""
| #define PACKAGE "dosbox"
| #define VERSION "0.74-3"
| #define STDC_HEADERS 1
| #define HAVE_SYS_TYPES_H 1
| #define HAVE_SYS_STAT_H 1
| #define HAVE_STDLIB_H 1
| #define HAVE_STRING_H 1
| #define HAVE_MEMORY_H 1
| #define HAVE_STRINGS_H 1
| #define HAVE_INTTYPES_H 1
| #define HAVE_STDINT_H 1
| #define HAVE_UNISTD_H 1
| #define SIZEOF_UNSIGNED_CHAR 1
| #define SIZEOF_UNSIGNED_SHORT 2
| #define SIZEOF_UNSIGNED_INT 4
| #define SIZEOF_UNSIGNED_LONG 4
| #define SIZEOF_UNSIGNED_LONG_LONG 8
| #define SIZEOF_INT_P 4
| #define HAVE_STDLIB_H 1
| #define HAVE_SYS_TYPES_H 1
| #define ENVIRON_INCLUDED 1
| #define ENVIRON_LINKED 1
| #define C_HAS_ATTRIBUTE 1
| #define C_ATTRIBUTE_ALWAYS_INLINE 1
| #define C_ATTRIBUTE_FASTCALL 1
| #define C_HAS_BUILTIN_EXPECT 1
| /* end confdefs.h.  */
| #ifndef __APPLE_CC__
| 	       not a universal capable compiler
| 	     #endif
| 	     typedef int dummy;
| 
configure:6159: gcc -c -g -O2  -I/usr/local/include/SDL -D_GNU_SOURCE=1 -Dmain=SDL_main conftest.c >&5
configure:6159: $? = 0
configure:6177: gcc -c -g -O2  -I/usr/local/include/SDL -D_GNU_SOURCE=1 -Dmain=SDL_main conftest.c >&5
conftest.c: In function 'SDL_main':
conftest.c:42:4: error: unknown type name 'not'; did you mean 'ino_t'?
    not big endian
    ^~~
    ino_t
conftest.c:42:12: error: expected '=', ',', ';', 'asm' or '__attribute__' before 'endian'
    not big endian
            ^~~~~~
configure:6177: $? = 1
configure: failed program was:
| /* confdefs.h */
| #define PACKAGE_NAME "dosbox"
| #define PACKAGE_TARNAME "dosbox"
| #define PACKAGE_VERSION "0.74-3"
| #define PACKAGE_STRING "dosbox 0.74-3"
| #define PACKAGE_BUGREPORT ""
| #define PACKAGE_URL ""
| #define PACKAGE "dosbox"
| #define VERSION "0.74-3"
| #define STDC_HEADERS 1
| #define HAVE_SYS_TYPES_H 1
| #define HAVE_SYS_STAT_H 1
| #define HAVE_STDLIB_H 1
| #define HAVE_STRING_H 1
| #define HAVE_MEMORY_H 1
| #define HAVE_STRINGS_H 1
| #define HAVE_INTTYPES_H 1
| #define HAVE_STDINT_H 1
| #define HAVE_UNISTD_H 1
| #define SIZEOF_UNSIGNED_CHAR 1
| #define SIZEOF_UNSIGNED_SHORT 2
| #define SIZEOF_UNSIGNED_INT 4
| #define SIZEOF_UNSIGNED_LONG 4
| #define SIZEOF_UNSIGNED_LONG_LONG 8
| #define SIZEOF_INT_P 4
| #define HAVE_STDLIB_H 1
| #define HAVE_SYS_TYPES_H 1
| #define ENVIRON_INCLUDED 1
| #define ENVIRON_LINKED 1
| #define C_HAS_ATTRIBUTE 1
| #define C_ATTRIBUTE_ALWAYS_INLINE 1
| #define C_ATTRIBUTE_FASTCALL 1
| #define C_HAS_BUILTIN_EXPECT 1
| /* end confdefs.h.  */
| #include <sys/types.h>
| 		#include <sys/param.h>
| 
| int
| main ()
| {
| #if BYTE_ORDER != BIG_ENDIAN
| 		 not big endian
| 		#endif
| 
|   ;
|   return 0;
| }
configure:6305: result: no
configure:6496: result: enabling inlined memory handling in CPU Core
configure:6507: checking for target cpu type
configure:6521: result: x86 compatible
configure:6562: gcc -c -g -O2  -I/usr/local/include/SDL -D_GNU_SOURCE=1 -Dmain=SDL_main conftest.c >&5
configure:6562: $? = 0
configure:6570: checking whether Apple user wants to override the build process to produce a 32 bit binary
configure:6586: result: no, not on Apple
configure:6607: checking whether x86 dynamic cpu core will be enabled
configure:6616: result: yes
configure:6632: checking whether recompiling cpu core will be enabled
configure:6645: result: no, using dynamic-x86
configure:6669: checking whether fpu emulation will be enabled
configure:6672: result: yes
configure:6689: checking whether x86 assembly fpu core will be enabled
configure:6699: result: yes
configure:6719: checking whether to enable unaligned memory access
configure:6724: result: yes
configure:6732: checking png.h usability
configure:6732: gcc -c -g -O2  -I/usr/local/include/SDL -D_GNU_SOURCE=1 -Dmain=SDL_main conftest.c >&5
conftest.c:74:10: fatal error: png.h: No such file or directory
 #include <png.h>
          ^~~~~~~
compilation terminated.
configure:6732: $? = 1
configure: failed program was:
| /* confdefs.h */
| #define PACKAGE_NAME "dosbox"
| #define PACKAGE_TARNAME "dosbox"
| #define PACKAGE_VERSION "0.74-3"
| #define PACKAGE_STRING "dosbox 0.74-3"
| #define PACKAGE_BUGREPORT ""
| #define PACKAGE_URL ""
| #define PACKAGE "dosbox"
| #define VERSION "0.74-3"
| #define STDC_HEADERS 1
| #define HAVE_SYS_TYPES_H 1
| #define HAVE_SYS_STAT_H 1
| #define HAVE_STDLIB_H 1
| #define HAVE_STRING_H 1
| #define HAVE_MEMORY_H 1
| #define HAVE_STRINGS_H 1
| #define HAVE_INTTYPES_H 1
| #define HAVE_STDINT_H 1
| #define HAVE_UNISTD_H 1
| #define SIZEOF_UNSIGNED_CHAR 1
| #define SIZEOF_UNSIGNED_SHORT 2
| #define SIZEOF_UNSIGNED_INT 4
| #define SIZEOF_UNSIGNED_LONG 4
| #define SIZEOF_UNSIGNED_LONG_LONG 8
| #define SIZEOF_INT_P 4
| #define HAVE_STDLIB_H 1
| #define HAVE_SYS_TYPES_H 1
| #define ENVIRON_INCLUDED 1
| #define ENVIRON_LINKED 1
| #define C_HAS_ATTRIBUTE 1
| #define C_ATTRIBUTE_ALWAYS_INLINE 1
| #define C_ATTRIBUTE_FASTCALL 1
| #define C_HAS_BUILTIN_EXPECT 1
| #define C_CORE_INLINE 1
| #define C_TARGETCPU X86
| #define C_DYNAMIC_X86 1
| #define C_FPU 1
| #define C_FPU_X86 1
| #define C_UNALIGNED_MEMORY 1
| /* end confdefs.h.  */
| #include <stdio.h>
| #ifdef HAVE_SYS_TYPES_H
| # include <sys/types.h>
| #endif
| #ifdef HAVE_SYS_STAT_H
| # include <sys/stat.h>
| #endif
| #ifdef STDC_HEADERS
| # include <stdlib.h>
| # include <stddef.h>
| #else
| # ifdef HAVE_STDLIB_H
| #  include <stdlib.h>
| # endif
| #endif
| #ifdef HAVE_STRING_H
| # if !defined STDC_HEADERS && defined HAVE_MEMORY_H
| #  include <memory.h>
| # endif
| # include <string.h>
| #endif
| #ifdef HAVE_STRINGS_H
| # include <strings.h>
| #endif
| #ifdef HAVE_INTTYPES_H
| # include <inttypes.h>
| #endif
| #ifdef HAVE_STDINT_H
| # include <stdint.h>
| #endif
| #ifdef HAVE_UNISTD_H
| # include <unistd.h>
| #endif
| #include <png.h>
configure:6732: result: no
configure:6732: checking png.h presence
configure:6732: gcc -E  -I/usr/local/include/SDL -D_GNU_SOURCE=1 -Dmain=SDL_main conftest.c
conftest.c:41:10: fatal error: png.h: No such file or directory
 #include <png.h>
          ^~~~~~~
compilation terminated.
configure:6732: $? = 1
configure: failed program was:
| /* confdefs.h */
| #define PACKAGE_NAME "dosbox"
| #define PACKAGE_TARNAME "dosbox"
| #define PACKAGE_VERSION "0.74-3"
| #define PACKAGE_STRING "dosbox 0.74-3"
| #define PACKAGE_BUGREPORT ""
| #define PACKAGE_URL ""
| #define PACKAGE "dosbox"
| #define VERSION "0.74-3"
| #define STDC_HEADERS 1
| #define HAVE_SYS_TYPES_H 1
| #define HAVE_SYS_STAT_H 1
| #define HAVE_STDLIB_H 1
| #define HAVE_STRING_H 1
| #define HAVE_MEMORY_H 1
| #define HAVE_STRINGS_H 1
| #define HAVE_INTTYPES_H 1
| #define HAVE_STDINT_H 1
| #define HAVE_UNISTD_H 1
| #define SIZEOF_UNSIGNED_CHAR 1
| #define SIZEOF_UNSIGNED_SHORT 2
| #define SIZEOF_UNSIGNED_INT 4
| #define SIZEOF_UNSIGNED_LONG 4
| #define SIZEOF_UNSIGNED_LONG_LONG 8
| #define SIZEOF_INT_P 4
| #define HAVE_STDLIB_H 1
| #define HAVE_SYS_TYPES_H 1
| #define ENVIRON_INCLUDED 1
| #define ENVIRON_LINKED 1
| #define C_HAS_ATTRIBUTE 1
| #define C_ATTRIBUTE_ALWAYS_INLINE 1
| #define C_ATTRIBUTE_FASTCALL 1
| #define C_HAS_BUILTIN_EXPECT 1
| #define C_CORE_INLINE 1
| #define C_TARGETCPU X86
| #define C_DYNAMIC_X86 1
| #define C_FPU 1
| #define C_FPU_X86 1
| #define C_UNALIGNED_MEMORY 1
| /* end confdefs.h.  */
| #include <png.h>
configure:6732: result: no
configure:6732: checking for png.h
configure:6732: result: no
configure:6738: checking for png_get_io_ptr in -lpng
configure:6763: gcc -o conftest.exe -g -O2  -I/usr/local/include/SDL -D_GNU_SOURCE=1 -Dmain=SDL_main -static-libgcc -static-libstdc++ -s conftest.c -lpng -lz  -L/usr/local/lib -lmingw32 -lSDLmain -lSDL -mwindows >&5
C:/aXa/bin/MinGW/mingw32/bin/../lib/gcc/i686-w64-mingw32/8.1.0/../../../../i686-w64-mingw32/bin/ld.exe: cannot find -lpng
collect2.exe: error: ld returned 1 exit status
configure:6763: $? = 1
configure: failed program was:
| /* confdefs.h */
| #define PACKAGE_NAME "dosbox"
| #define PACKAGE_TARNAME "dosbox"
| #define PACKAGE_VERSION "0.74-3"
| #define PACKAGE_STRING "dosbox 0.74-3"
| #define PACKAGE_BUGREPORT ""
| #define PACKAGE_URL ""
| #define PACKAGE "dosbox"
| #define VERSION "0.74-3"
| #define STDC_HEADERS 1
| #define HAVE_SYS_TYPES_H 1
| #define HAVE_SYS_STAT_H 1
| #define HAVE_STDLIB_H 1
| #define HAVE_STRING_H 1
| #define HAVE_MEMORY_H 1
| #define HAVE_STRINGS_H 1
| #define HAVE_INTTYPES_H 1
| #define HAVE_STDINT_H 1
| #define HAVE_UNISTD_H 1
| #define SIZEOF_UNSIGNED_CHAR 1
| #define SIZEOF_UNSIGNED_SHORT 2
| #define SIZEOF_UNSIGNED_INT 4
| #define SIZEOF_UNSIGNED_LONG 4
| #define SIZEOF_UNSIGNED_LONG_LONG 8
| #define SIZEOF_INT_P 4
| #define HAVE_STDLIB_H 1
| #define HAVE_SYS_TYPES_H 1
| #define ENVIRON_INCLUDED 1
| #define ENVIRON_LINKED 1
| #define C_HAS_ATTRIBUTE 1
| #define C_ATTRIBUTE_ALWAYS_INLINE 1
| #define C_ATTRIBUTE_FASTCALL 1
| #define C_HAS_BUILTIN_EXPECT 1
| #define C_CORE_INLINE 1
| #define C_TARGETCPU X86
| #define C_DYNAMIC_X86 1
| #define C_FPU 1
| #define C_FPU_X86 1
| #define C_UNALIGNED_MEMORY 1
| /* end confdefs.h.  */
| 
| /* Override any GCC internal prototype to avoid an error.
|    Use char because int might match the return type of a GCC
|    builtin and then its argument prototype would still apply.  */
| #ifdef __cplusplus
| extern "C"
| #endif
| char png_get_io_ptr ();
| int
| main ()
| {
| return png_get_io_ptr ();
|   ;
|   return 0;
| }
configure:6772: result: no
configure:6783: WARNING: Can't find libpng, screenshot support disabled
configure:6789: checking SDL_net.h usability
configure:6789: gcc -c -g -O2  -I/usr/local/include/SDL -D_GNU_SOURCE=1 -Dmain=SDL_main conftest.c >&5
conftest.c:74:10: fatal error: SDL_net.h: No such file or directory
 #include <SDL_net.h>
          ^~~~~~~~~~~
compilation terminated.
configure:6789: $? = 1
configure: failed program was:
| /* confdefs.h */
| #define PACKAGE_NAME "dosbox"
| #define PACKAGE_TARNAME "dosbox"
| #define PACKAGE_VERSION "0.74-3"
| #define PACKAGE_STRING "dosbox 0.74-3"
| #define PACKAGE_BUGREPORT ""
| #define PACKAGE_URL ""
| #define PACKAGE "dosbox"
| #define VERSION "0.74-3"
| #define STDC_HEADERS 1
| #define HAVE_SYS_TYPES_H 1
| #define HAVE_SYS_STAT_H 1
| #define HAVE_STDLIB_H 1
| #define HAVE_STRING_H 1
| #define HAVE_MEMORY_H 1
| #define HAVE_STRINGS_H 1
| #define HAVE_INTTYPES_H 1
| #define HAVE_STDINT_H 1
| #define HAVE_UNISTD_H 1
| #define SIZEOF_UNSIGNED_CHAR 1
| #define SIZEOF_UNSIGNED_SHORT 2
| #define SIZEOF_UNSIGNED_INT 4
| #define SIZEOF_UNSIGNED_LONG 4
| #define SIZEOF_UNSIGNED_LONG_LONG 8
| #define SIZEOF_INT_P 4
| #define HAVE_STDLIB_H 1
| #define HAVE_SYS_TYPES_H 1
| #define ENVIRON_INCLUDED 1
| #define ENVIRON_LINKED 1
| #define C_HAS_ATTRIBUTE 1
| #define C_ATTRIBUTE_ALWAYS_INLINE 1
| #define C_ATTRIBUTE_FASTCALL 1
| #define C_HAS_BUILTIN_EXPECT 1
| #define C_CORE_INLINE 1
| #define C_TARGETCPU X86
| #define C_DYNAMIC_X86 1
| #define C_FPU 1
| #define C_FPU_X86 1
| #define C_UNALIGNED_MEMORY 1
| /* end confdefs.h.  */
| #include <stdio.h>
| #ifdef HAVE_SYS_TYPES_H
| # include <sys/types.h>
| #endif
| #ifdef HAVE_SYS_STAT_H
| # include <sys/stat.h>
| #endif
| #ifdef STDC_HEADERS
| # include <stdlib.h>
| # include <stddef.h>
| #else
| # ifdef HAVE_STDLIB_H
| #  include <stdlib.h>
| # endif
| #endif
| #ifdef HAVE_STRING_H
| # if !defined STDC_HEADERS && defined HAVE_MEMORY_H
| #  include <memory.h>
| # endif
| # include <string.h>
| #endif
| #ifdef HAVE_STRINGS_H
| # include <strings.h>
| #endif
| #ifdef HAVE_INTTYPES_H
| # include <inttypes.h>
| #endif
| #ifdef HAVE_STDINT_H
| # include <stdint.h>
| #endif
| #ifdef HAVE_UNISTD_H
| # include <unistd.h>
| #endif
| #include <SDL_net.h>
configure:6789: result: no
configure:6789: checking SDL_net.h presence
configure:6789: gcc -E  -I/usr/local/include/SDL -D_GNU_SOURCE=1 -Dmain=SDL_main conftest.c
conftest.c:41:10: fatal error: SDL_net.h: No such file or directory
 #include <SDL_net.h>
          ^~~~~~~~~~~
compilation terminated.
configure:6789: $? = 1
configure: failed program was:
| /* confdefs.h */
| #define PACKAGE_NAME "dosbox"
| #define PACKAGE_TARNAME "dosbox"
| #define PACKAGE_VERSION "0.74-3"
| #define PACKAGE_STRING "dosbox 0.74-3"
| #define PACKAGE_BUGREPORT ""
| #define PACKAGE_URL ""
| #define PACKAGE "dosbox"
| #define VERSION "0.74-3"
| #define STDC_HEADERS 1
| #define HAVE_SYS_TYPES_H 1
| #define HAVE_SYS_STAT_H 1
| #define HAVE_STDLIB_H 1
| #define HAVE_STRING_H 1
| #define HAVE_MEMORY_H 1
| #define HAVE_STRINGS_H 1
| #define HAVE_INTTYPES_H 1
| #define HAVE_STDINT_H 1
| #define HAVE_UNISTD_H 1
| #define SIZEOF_UNSIGNED_CHAR 1
| #define SIZEOF_UNSIGNED_SHORT 2
| #define SIZEOF_UNSIGNED_INT 4
| #define SIZEOF_UNSIGNED_LONG 4
| #define SIZEOF_UNSIGNED_LONG_LONG 8
| #define SIZEOF_INT_P 4
| #define HAVE_STDLIB_H 1
| #define HAVE_SYS_TYPES_H 1
| #define ENVIRON_INCLUDED 1
| #define ENVIRON_LINKED 1
| #define C_HAS_ATTRIBUTE 1
| #define C_ATTRIBUTE_ALWAYS_INLINE 1
| #define C_ATTRIBUTE_FASTCALL 1
| #define C_HAS_BUILTIN_EXPECT 1
| #define C_CORE_INLINE 1
| #define C_TARGETCPU X86
| #define C_DYNAMIC_X86 1
| #define C_FPU 1
| #define C_FPU_X86 1
| #define C_UNALIGNED_MEMORY 1
| /* end confdefs.h.  */
| #include <SDL_net.h>
configure:6789: result: no
configure:6789: checking for SDL_net.h
configure:6789: result: no
configure:6825: checking for SDLNet_Init in -lSDL_net
configure:6850: gcc -o conftest.exe -g -O2  -I/usr/local/include/SDL -D_GNU_SOURCE=1 -Dmain=SDL_main -static-libgcc -static-libstdc++ -s conftest.c -lSDL_net   -L/usr/local/lib -lmingw32 -lSDLmain -lSDL -mwindows >&5
C:/aXa/bin/MinGW/mingw32/bin/../lib/gcc/i686-w64-mingw32/8.1.0/../../../../i686-w64-mingw32/bin/ld.exe: cannot find -lSDL_net
collect2.exe: error: ld returned 1 exit status
configure:6850: $? = 1
configure: failed program was:
| /* confdefs.h */
| #define PACKAGE_NAME "dosbox"
| #define PACKAGE_TARNAME "dosbox"
| #define PACKAGE_VERSION "0.74-3"
| #define PACKAGE_STRING "dosbox 0.74-3"
| #define PACKAGE_BUGREPORT ""
| #define PACKAGE_URL ""
| #define PACKAGE "dosbox"
| #define VERSION "0.74-3"
| #define STDC_HEADERS 1
| #define HAVE_SYS_TYPES_H 1
| #define HAVE_SYS_STAT_H 1
| #define HAVE_STDLIB_H 1
| #define HAVE_STRING_H 1
| #define HAVE_MEMORY_H 1
| #define HAVE_STRINGS_H 1
| #define HAVE_INTTYPES_H 1
| #define HAVE_STDINT_H 1
| #define HAVE_UNISTD_H 1
| #define SIZEOF_UNSIGNED_CHAR 1
| #define SIZEOF_UNSIGNED_SHORT 2
| #define SIZEOF_UNSIGNED_INT 4
| #define SIZEOF_UNSIGNED_LONG 4
| #define SIZEOF_UNSIGNED_LONG_LONG 8
| #define SIZEOF_INT_P 4
| #define HAVE_STDLIB_H 1
| #define HAVE_SYS_TYPES_H 1
| #define ENVIRON_INCLUDED 1
| #define ENVIRON_LINKED 1
| #define C_HAS_ATTRIBUTE 1
| #define C_ATTRIBUTE_ALWAYS_INLINE 1
| #define C_ATTRIBUTE_FASTCALL 1
| #define C_HAS_BUILTIN_EXPECT 1
| #define C_CORE_INLINE 1
| #define C_TARGETCPU X86
| #define C_DYNAMIC_X86 1
| #define C_FPU 1
| #define C_FPU_X86 1
| #define C_UNALIGNED_MEMORY 1
| /* end confdefs.h.  */
| 
| /* Override any GCC internal prototype to avoid an error.
|    Use char because int might match the return type of a GCC
|    builtin and then its argument prototype would still apply.  */
| #ifdef __cplusplus
| extern "C"
| #endif
| char SDLNet_Init ();
| int
| main ()
| {
| return SDLNet_Init ();
|   ;
|   return 0;
| }
configure:6859: result: no
configure:6873: WARNING: Can't find SDL_net, internal modem and ipx disabled
configure:6878: checking for main in -lX11
configure:6897: gcc -o conftest.exe -g -O2  -I/usr/local/include/SDL -D_GNU_SOURCE=1 -Dmain=SDL_main -static-libgcc -static-libstdc++ -s conftest.c -lX11   -L/usr/local/lib -lmingw32 -lSDLmain -lSDL -mwindows >&5
C:/aXa/bin/MinGW/mingw32/bin/../lib/gcc/i686-w64-mingw32/8.1.0/../../../../i686-w64-mingw32/bin/ld.exe: cannot find -lX11
collect2.exe: error: ld returned 1 exit status
configure:6897: $? = 1
configure: failed program was:
| /* confdefs.h */
| #define PACKAGE_NAME "dosbox"
| #define PACKAGE_TARNAME "dosbox"
| #define PACKAGE_VERSION "0.74-3"
| #define PACKAGE_STRING "dosbox 0.74-3"
| #define PACKAGE_BUGREPORT ""
| #define PACKAGE_URL ""
| #define PACKAGE "dosbox"
| #define VERSION "0.74-3"
| #define STDC_HEADERS 1
| #define HAVE_SYS_TYPES_H 1
| #define HAVE_SYS_STAT_H 1
| #define HAVE_STDLIB_H 1
| #define HAVE_STRING_H 1
| #define HAVE_MEMORY_H 1
| #define HAVE_STRINGS_H 1
| #define HAVE_INTTYPES_H 1
| #define HAVE_STDINT_H 1
| #define HAVE_UNISTD_H 1
| #define SIZEOF_UNSIGNED_CHAR 1
| #define SIZEOF_UNSIGNED_SHORT 2
| #define SIZEOF_UNSIGNED_INT 4
| #define SIZEOF_UNSIGNED_LONG 4
| #define SIZEOF_UNSIGNED_LONG_LONG 8
| #define SIZEOF_INT_P 4
| #define HAVE_STDLIB_H 1
| #define HAVE_SYS_TYPES_H 1
| #define ENVIRON_INCLUDED 1
| #define ENVIRON_LINKED 1
| #define C_HAS_ATTRIBUTE 1
| #define C_ATTRIBUTE_ALWAYS_INLINE 1
| #define C_ATTRIBUTE_FASTCALL 1
| #define C_HAS_BUILTIN_EXPECT 1
| #define C_CORE_INLINE 1
| #define C_TARGETCPU X86
| #define C_DYNAMIC_X86 1
| #define C_FPU 1
| #define C_FPU_X86 1
| #define C_UNALIGNED_MEMORY 1
| /* end confdefs.h.  */
| 
| 
| int
| main ()
| {
| return main ();
|   ;
|   return 0;
| }
configure:6906: result: no
configure:6914: checking X11/XKBlib.h usability
configure:6914: gcc -c -g -O2  -I/usr/local/include/SDL -D_GNU_SOURCE=1 -Dmain=SDL_main conftest.c >&5
conftest.c:74:10: fatal error: X11/XKBlib.h: No such file or directory
 #include <X11/XKBlib.h>
          ^~~~~~~~~~~~~~
compilation terminated.
configure:6914: $? = 1
configure: failed program was:
| /* confdefs.h */
| #define PACKAGE_NAME "dosbox"
| #define PACKAGE_TARNAME "dosbox"
| #define PACKAGE_VERSION "0.74-3"
| #define PACKAGE_STRING "dosbox 0.74-3"
| #define PACKAGE_BUGREPORT ""
| #define PACKAGE_URL ""
| #define PACKAGE "dosbox"
| #define VERSION "0.74-3"
| #define STDC_HEADERS 1
| #define HAVE_SYS_TYPES_H 1
| #define HAVE_SYS_STAT_H 1
| #define HAVE_STDLIB_H 1
| #define HAVE_STRING_H 1
| #define HAVE_MEMORY_H 1
| #define HAVE_STRINGS_H 1
| #define HAVE_INTTYPES_H 1
| #define HAVE_STDINT_H 1
| #define HAVE_UNISTD_H 1
| #define SIZEOF_UNSIGNED_CHAR 1
| #define SIZEOF_UNSIGNED_SHORT 2
| #define SIZEOF_UNSIGNED_INT 4
| #define SIZEOF_UNSIGNED_LONG 4
| #define SIZEOF_UNSIGNED_LONG_LONG 8
| #define SIZEOF_INT_P 4
| #define HAVE_STDLIB_H 1
| #define HAVE_SYS_TYPES_H 1
| #define ENVIRON_INCLUDED 1
| #define ENVIRON_LINKED 1
| #define C_HAS_ATTRIBUTE 1
| #define C_ATTRIBUTE_ALWAYS_INLINE 1
| #define C_ATTRIBUTE_FASTCALL 1
| #define C_HAS_BUILTIN_EXPECT 1
| #define C_CORE_INLINE 1
| #define C_TARGETCPU X86
| #define C_DYNAMIC_X86 1
| #define C_FPU 1
| #define C_FPU_X86 1
| #define C_UNALIGNED_MEMORY 1
| /* end confdefs.h.  */
| #include <stdio.h>
| #ifdef HAVE_SYS_TYPES_H
| # include <sys/types.h>
| #endif
| #ifdef HAVE_SYS_STAT_H
| # include <sys/stat.h>
| #endif
| #ifdef STDC_HEADERS
| # include <stdlib.h>
| # include <stddef.h>
| #else
| # ifdef HAVE_STDLIB_H
| #  include <stdlib.h>
| # endif
| #endif
| #ifdef HAVE_STRING_H
| # if !defined STDC_HEADERS && defined HAVE_MEMORY_H
| #  include <memory.h>
| # endif
| # include <string.h>
| #endif
| #ifdef HAVE_STRINGS_H
| # include <strings.h>
| #endif
| #ifdef HAVE_INTTYPES_H
| # include <inttypes.h>
| #endif
| #ifdef HAVE_STDINT_H
| # include <stdint.h>
| #endif
| #ifdef HAVE_UNISTD_H
| # include <unistd.h>
| #endif
| #include <X11/XKBlib.h>
configure:6914: result: no
configure:6914: checking X11/XKBlib.h presence
configure:6914: gcc -E  -I/usr/local/include/SDL -D_GNU_SOURCE=1 -Dmain=SDL_main conftest.c
conftest.c:41:10: fatal error: X11/XKBlib.h: No such file or directory
 #include <X11/XKBlib.h>
          ^~~~~~~~~~~~~~
compilation terminated.
configure:6914: $? = 1
configure: failed program was:
| /* confdefs.h */
| #define PACKAGE_NAME "dosbox"
| #define PACKAGE_TARNAME "dosbox"
| #define PACKAGE_VERSION "0.74-3"
| #define PACKAGE_STRING "dosbox 0.74-3"
| #define PACKAGE_BUGREPORT ""
| #define PACKAGE_URL ""
| #define PACKAGE "dosbox"
| #define VERSION "0.74-3"
| #define STDC_HEADERS 1
| #define HAVE_SYS_TYPES_H 1
| #define HAVE_SYS_STAT_H 1
| #define HAVE_STDLIB_H 1
| #define HAVE_STRING_H 1
| #define HAVE_MEMORY_H 1
| #define HAVE_STRINGS_H 1
| #define HAVE_INTTYPES_H 1
| #define HAVE_STDINT_H 1
| #define HAVE_UNISTD_H 1
| #define SIZEOF_UNSIGNED_CHAR 1
| #define SIZEOF_UNSIGNED_SHORT 2
| #define SIZEOF_UNSIGNED_INT 4
| #define SIZEOF_UNSIGNED_LONG 4
| #define SIZEOF_UNSIGNED_LONG_LONG 8
| #define SIZEOF_INT_P 4
| #define HAVE_STDLIB_H 1
| #define HAVE_SYS_TYPES_H 1
| #define ENVIRON_INCLUDED 1
| #define ENVIRON_LINKED 1
| #define C_HAS_ATTRIBUTE 1
| #define C_ATTRIBUTE_ALWAYS_INLINE 1
| #define C_ATTRIBUTE_FASTCALL 1
| #define C_HAS_BUILTIN_EXPECT 1
| #define C_CORE_INLINE 1
| #define C_TARGETCPU X86
| #define C_DYNAMIC_X86 1
| #define C_FPU 1
| #define C_FPU_X86 1
| #define C_UNALIGNED_MEMORY 1
| /* end confdefs.h.  */
| #include <X11/XKBlib.h>
configure:6914: result: no
configure:6914: checking for X11/XKBlib.h
configure:6914: result: no
configure:6922: checking for XKBlib support
configure:6931: result: no
configure:6936: checking for main in -lGL
configure:6955: gcc -o conftest.exe -g -O2  -I/usr/local/include/SDL -D_GNU_SOURCE=1 -Dmain=SDL_main -static-libgcc -static-libstdc++ -s conftest.c -lGL   -L/usr/local/lib -lmingw32 -lSDLmain -lSDL -mwindows >&5
C:/aXa/bin/MinGW/mingw32/bin/../lib/gcc/i686-w64-mingw32/8.1.0/../../../../i686-w64-mingw32/bin/ld.exe: cannot find -lGL
collect2.exe: error: ld returned 1 exit status
configure:6955: $? = 1
configure: failed program was:
| /* confdefs.h */
| #define PACKAGE_NAME "dosbox"
| #define PACKAGE_TARNAME "dosbox"
| #define PACKAGE_VERSION "0.74-3"
| #define PACKAGE_STRING "dosbox 0.74-3"
| #define PACKAGE_BUGREPORT ""
| #define PACKAGE_URL ""
| #define PACKAGE "dosbox"
| #define VERSION "0.74-3"
| #define STDC_HEADERS 1
| #define HAVE_SYS_TYPES_H 1
| #define HAVE_SYS_STAT_H 1
| #define HAVE_STDLIB_H 1
| #define HAVE_STRING_H 1
| #define HAVE_MEMORY_H 1
| #define HAVE_STRINGS_H 1
| #define HAVE_INTTYPES_H 1
| #define HAVE_STDINT_H 1
| #define HAVE_UNISTD_H 1
| #define SIZEOF_UNSIGNED_CHAR 1
| #define SIZEOF_UNSIGNED_SHORT 2
| #define SIZEOF_UNSIGNED_INT 4
| #define SIZEOF_UNSIGNED_LONG 4
| #define SIZEOF_UNSIGNED_LONG_LONG 8
| #define SIZEOF_INT_P 4
| #define HAVE_STDLIB_H 1
| #define HAVE_SYS_TYPES_H 1
| #define ENVIRON_INCLUDED 1
| #define ENVIRON_LINKED 1
| #define C_HAS_ATTRIBUTE 1
| #define C_ATTRIBUTE_ALWAYS_INLINE 1
| #define C_ATTRIBUTE_FASTCALL 1
| #define C_HAS_BUILTIN_EXPECT 1
| #define C_CORE_INLINE 1
| #define C_TARGETCPU X86
| #define C_DYNAMIC_X86 1
| #define C_FPU 1
| #define C_FPU_X86 1
| #define C_UNALIGNED_MEMORY 1
| /* end confdefs.h.  */
| 
| 
| int
| main ()
| {
| return main ();
|   ;
|   return 0;
| }
configure:6964: result: no
configure:6972: checking for main in -lopengl32
configure:6991: gcc -o conftest.exe -g -O2  -I/usr/local/include/SDL -D_GNU_SOURCE=1 -Dmain=SDL_main -static-libgcc -static-libstdc++ -s conftest.c -lopengl32   -L/usr/local/lib -lmingw32 -lSDLmain -lSDL -mwindows >&5
configure:6991: $? = 0
configure:7000: result: yes
configure:7008: checking GL/gl.h usability
configure:7008: gcc -c -g -O2  -I/usr/local/include/SDL -D_GNU_SOURCE=1 -Dmain=SDL_main conftest.c >&5
configure:7008: $? = 0
configure:7008: result: yes
configure:7008: checking GL/gl.h presence
configure:7008: gcc -E  -I/usr/local/include/SDL -D_GNU_SOURCE=1 -Dmain=SDL_main conftest.c
configure:7008: $? = 0
configure:7008: result: yes
configure:7008: checking for GL/gl.h
configure:7008: result: yes
configure:7023: checking whether opengl display output will be enabled
configure:7042: result: yes
configure:7059: checking SDL_sound.h usability
configure:7059: gcc -c -g -O2  -I/usr/local/include/SDL -D_GNU_SOURCE=1 -Dmain=SDL_main conftest.c >&5
conftest.c:75:10: fatal error: SDL_sound.h: No such file or directory
 #include <SDL_sound.h>
          ^~~~~~~~~~~~~
compilation terminated.
configure:7059: $? = 1
configure: failed program was:
| /* confdefs.h */
| #define PACKAGE_NAME "dosbox"
| #define PACKAGE_TARNAME "dosbox"
| #define PACKAGE_VERSION "0.74-3"
| #define PACKAGE_STRING "dosbox 0.74-3"
| #define PACKAGE_BUGREPORT ""
| #define PACKAGE_URL ""
| #define PACKAGE "dosbox"
| #define VERSION "0.74-3"
| #define STDC_HEADERS 1
| #define HAVE_SYS_TYPES_H 1
| #define HAVE_SYS_STAT_H 1
| #define HAVE_STDLIB_H 1
| #define HAVE_STRING_H 1
| #define HAVE_MEMORY_H 1
| #define HAVE_STRINGS_H 1
| #define HAVE_INTTYPES_H 1
| #define HAVE_STDINT_H 1
| #define HAVE_UNISTD_H 1
| #define SIZEOF_UNSIGNED_CHAR 1
| #define SIZEOF_UNSIGNED_SHORT 2
| #define SIZEOF_UNSIGNED_INT 4
| #define SIZEOF_UNSIGNED_LONG 4
| #define SIZEOF_UNSIGNED_LONG_LONG 8
| #define SIZEOF_INT_P 4
| #define HAVE_STDLIB_H 1
| #define HAVE_SYS_TYPES_H 1
| #define ENVIRON_INCLUDED 1
| #define ENVIRON_LINKED 1
| #define C_HAS_ATTRIBUTE 1
| #define C_ATTRIBUTE_ALWAYS_INLINE 1
| #define C_ATTRIBUTE_FASTCALL 1
| #define C_HAS_BUILTIN_EXPECT 1
| #define C_CORE_INLINE 1
| #define C_TARGETCPU X86
| #define C_DYNAMIC_X86 1
| #define C_FPU 1
| #define C_FPU_X86 1
| #define C_UNALIGNED_MEMORY 1
| #define C_OPENGL 1
| /* end confdefs.h.  */
| #include <stdio.h>
| #ifdef HAVE_SYS_TYPES_H
| # include <sys/types.h>
| #endif
| #ifdef HAVE_SYS_STAT_H
| # include <sys/stat.h>
| #endif
| #ifdef STDC_HEADERS
| # include <stdlib.h>
| # include <stddef.h>
| #else
| # ifdef HAVE_STDLIB_H
| #  include <stdlib.h>
| # endif
| #endif
| #ifdef HAVE_STRING_H
| # if !defined STDC_HEADERS && defined HAVE_MEMORY_H
| #  include <memory.h>
| # endif
| # include <string.h>
| #endif
| #ifdef HAVE_STRINGS_H
| # include <strings.h>
| #endif
| #ifdef HAVE_INTTYPES_H
| # include <inttypes.h>
| #endif
| #ifdef HAVE_STDINT_H
| # include <stdint.h>
| #endif
| #ifdef HAVE_UNISTD_H
| # include <unistd.h>
| #endif
| #include <SDL_sound.h>
configure:7059: result: no
configure:7059: checking SDL_sound.h presence
configure:7059: gcc -E  -I/usr/local/include/SDL -D_GNU_SOURCE=1 -Dmain=SDL_main conftest.c
conftest.c:42:10: fatal error: SDL_sound.h: No such file or directory
 #include <SDL_sound.h>
          ^~~~~~~~~~~~~
compilation terminated.
configure:7059: $? = 1
configure: failed program was:
| /* confdefs.h */
| #define PACKAGE_NAME "dosbox"
| #define PACKAGE_TARNAME "dosbox"
| #define PACKAGE_VERSION "0.74-3"
| #define PACKAGE_STRING "dosbox 0.74-3"
| #define PACKAGE_BUGREPORT ""
| #define PACKAGE_URL ""
| #define PACKAGE "dosbox"
| #define VERSION "0.74-3"
| #define STDC_HEADERS 1
| #define HAVE_SYS_TYPES_H 1
| #define HAVE_SYS_STAT_H 1
| #define HAVE_STDLIB_H 1
| #define HAVE_STRING_H 1
| #define HAVE_MEMORY_H 1
| #define HAVE_STRINGS_H 1
| #define HAVE_INTTYPES_H 1
| #define HAVE_STDINT_H 1
| #define HAVE_UNISTD_H 1
| #define SIZEOF_UNSIGNED_CHAR 1
| #define SIZEOF_UNSIGNED_SHORT 2
| #define SIZEOF_UNSIGNED_INT 4
| #define SIZEOF_UNSIGNED_LONG 4
| #define SIZEOF_UNSIGNED_LONG_LONG 8
| #define SIZEOF_INT_P 4
| #define HAVE_STDLIB_H 1
| #define HAVE_SYS_TYPES_H 1
| #define ENVIRON_INCLUDED 1
| #define ENVIRON_LINKED 1
| #define C_HAS_ATTRIBUTE 1
| #define C_ATTRIBUTE_ALWAYS_INLINE 1
| #define C_ATTRIBUTE_FASTCALL 1
| #define C_HAS_BUILTIN_EXPECT 1
| #define C_CORE_INLINE 1
| #define C_TARGETCPU X86
| #define C_DYNAMIC_X86 1
| #define C_FPU 1
| #define C_FPU_X86 1
| #define C_UNALIGNED_MEMORY 1
| #define C_OPENGL 1
| /* end confdefs.h.  */
| #include <SDL_sound.h>
configure:7059: result: no
configure:7059: checking for SDL_sound.h
configure:7059: result: no
configure:7065: checking for Sound_Init in -lSDL_sound
configure:7090: gcc -o conftest.exe -g -O2  -I/usr/local/include/SDL -D_GNU_SOURCE=1 -Dmain=SDL_main -static-libgcc -static-libstdc++ -s conftest.c -lSDL_sound   -L/usr/local/lib -lmingw32 -lSDLmain -lSDL -mwindows -lopengl32 >&5
C:/aXa/bin/MinGW/mingw32/bin/../lib/gcc/i686-w64-mingw32/8.1.0/../../../../i686-w64-mingw32/bin/ld.exe: cannot find -lSDL_sound
collect2.exe: error: ld returned 1 exit status
configure:7090: $? = 1
configure: failed program was:
| /* confdefs.h */
| #define PACKAGE_NAME "dosbox"
| #define PACKAGE_TARNAME "dosbox"
| #define PACKAGE_VERSION "0.74-3"
| #define PACKAGE_STRING "dosbox 0.74-3"
| #define PACKAGE_BUGREPORT ""
| #define PACKAGE_URL ""
| #define PACKAGE "dosbox"
| #define VERSION "0.74-3"
| #define STDC_HEADERS 1
| #define HAVE_SYS_TYPES_H 1
| #define HAVE_SYS_STAT_H 1
| #define HAVE_STDLIB_H 1
| #define HAVE_STRING_H 1
| #define HAVE_MEMORY_H 1
| #define HAVE_STRINGS_H 1
| #define HAVE_INTTYPES_H 1
| #define HAVE_STDINT_H 1
| #define HAVE_UNISTD_H 1
| #define SIZEOF_UNSIGNED_CHAR 1
| #define SIZEOF_UNSIGNED_SHORT 2
| #define SIZEOF_UNSIGNED_INT 4
| #define SIZEOF_UNSIGNED_LONG 4
| #define SIZEOF_UNSIGNED_LONG_LONG 8
| #define SIZEOF_INT_P 4
| #define HAVE_STDLIB_H 1
| #define HAVE_SYS_TYPES_H 1
| #define ENVIRON_INCLUDED 1
| #define ENVIRON_LINKED 1
| #define C_HAS_ATTRIBUTE 1
| #define C_ATTRIBUTE_ALWAYS_INLINE 1
| #define C_ATTRIBUTE_FASTCALL 1
| #define C_HAS_BUILTIN_EXPECT 1
| #define C_CORE_INLINE 1
| #define C_TARGETCPU X86
| #define C_DYNAMIC_X86 1
| #define C_FPU 1
| #define C_FPU_X86 1
| #define C_UNALIGNED_MEMORY 1
| #define C_OPENGL 1
| /* end confdefs.h.  */
| 
| /* Override any GCC internal prototype to avoid an error.
|    Use char because int might match the return type of a GCC
|    builtin and then its argument prototype would still apply.  */
| #ifdef __cplusplus
| extern "C"
| #endif
| char Sound_Init ();
| int
| main ()
| {
| return Sound_Init ();
|   ;
|   return 0;
| }
configure:7099: result: no
configure:7105: checking for Sound_Seek in -lSDL_sound
configure:7130: gcc -o conftest.exe -g -O2  -I/usr/local/include/SDL -D_GNU_SOURCE=1 -Dmain=SDL_main -static-libgcc -static-libstdc++ -s conftest.c -lSDL_sound   -L/usr/local/lib -lmingw32 -lSDLmain -lSDL -mwindows -lopengl32 >&5
C:/aXa/bin/MinGW/mingw32/bin/../lib/gcc/i686-w64-mingw32/8.1.0/../../../../i686-w64-mingw32/bin/ld.exe: cannot find -lSDL_sound
collect2.exe: error: ld returned 1 exit status
configure:7130: $? = 1
configure: failed program was:
| /* confdefs.h */
| #define PACKAGE_NAME "dosbox"
| #define PACKAGE_TARNAME "dosbox"
| #define PACKAGE_VERSION "0.74-3"
| #define PACKAGE_STRING "dosbox 0.74-3"
| #define PACKAGE_BUGREPORT ""
| #define PACKAGE_URL ""
| #define PACKAGE "dosbox"
| #define VERSION "0.74-3"
| #define STDC_HEADERS 1
| #define HAVE_SYS_TYPES_H 1
| #define HAVE_SYS_STAT_H 1
| #define HAVE_STDLIB_H 1
| #define HAVE_STRING_H 1
| #define HAVE_MEMORY_H 1
| #define HAVE_STRINGS_H 1
| #define HAVE_INTTYPES_H 1
| #define HAVE_STDINT_H 1
| #define HAVE_UNISTD_H 1
| #define SIZEOF_UNSIGNED_CHAR 1
| #define SIZEOF_UNSIGNED_SHORT 2
| #define SIZEOF_UNSIGNED_INT 4
| #define SIZEOF_UNSIGNED_LONG 4
| #define SIZEOF_UNSIGNED_LONG_LONG 8
| #define SIZEOF_INT_P 4
| #define HAVE_STDLIB_H 1
| #define HAVE_SYS_TYPES_H 1
| #define ENVIRON_INCLUDED 1
| #define ENVIRON_LINKED 1
| #define C_HAS_ATTRIBUTE 1
| #define C_ATTRIBUTE_ALWAYS_INLINE 1
| #define C_ATTRIBUTE_FASTCALL 1
| #define C_HAS_BUILTIN_EXPECT 1
| #define C_CORE_INLINE 1
| #define C_TARGETCPU X86
| #define C_DYNAMIC_X86 1
| #define C_FPU 1
| #define C_FPU_X86 1
| #define C_UNALIGNED_MEMORY 1
| #define C_OPENGL 1
| /* end confdefs.h.  */
| 
| /* Override any GCC internal prototype to avoid an error.
|    Use char because int might match the return type of a GCC
|    builtin and then its argument prototype would still apply.  */
| #ifdef __cplusplus
| extern "C"
| #endif
| char Sound_Seek ();
| int
| main ()
| {
| return Sound_Seek ();
|   ;
|   return 0;
| }
configure:7139: result: no
configure:7155: WARNING: Can't find libSDL_sound, libSDL_sound support disabled
configure:7160: checking sys/mman.h usability
configure:7160: gcc -c -g -O2  -I/usr/local/include/SDL -D_GNU_SOURCE=1 -Dmain=SDL_main conftest.c >&5
conftest.c:75:10: fatal error: sys/mman.h: No such file or directory
 #include <sys/mman.h>
          ^~~~~~~~~~~~
compilation terminated.
configure:7160: $? = 1
configure: failed program was:
| /* confdefs.h */
| #define PACKAGE_NAME "dosbox"
| #define PACKAGE_TARNAME "dosbox"
| #define PACKAGE_VERSION "0.74-3"
| #define PACKAGE_STRING "dosbox 0.74-3"
| #define PACKAGE_BUGREPORT ""
| #define PACKAGE_URL ""
| #define PACKAGE "dosbox"
| #define VERSION "0.74-3"
| #define STDC_HEADERS 1
| #define HAVE_SYS_TYPES_H 1
| #define HAVE_SYS_STAT_H 1
| #define HAVE_STDLIB_H 1
| #define HAVE_STRING_H 1
| #define HAVE_MEMORY_H 1
| #define HAVE_STRINGS_H 1
| #define HAVE_INTTYPES_H 1
| #define HAVE_STDINT_H 1
| #define HAVE_UNISTD_H 1
| #define SIZEOF_UNSIGNED_CHAR 1
| #define SIZEOF_UNSIGNED_SHORT 2
| #define SIZEOF_UNSIGNED_INT 4
| #define SIZEOF_UNSIGNED_LONG 4
| #define SIZEOF_UNSIGNED_LONG_LONG 8
| #define SIZEOF_INT_P 4
| #define HAVE_STDLIB_H 1
| #define HAVE_SYS_TYPES_H 1
| #define ENVIRON_INCLUDED 1
| #define ENVIRON_LINKED 1
| #define C_HAS_ATTRIBUTE 1
| #define C_ATTRIBUTE_ALWAYS_INLINE 1
| #define C_ATTRIBUTE_FASTCALL 1
| #define C_HAS_BUILTIN_EXPECT 1
| #define C_CORE_INLINE 1
| #define C_TARGETCPU X86
| #define C_DYNAMIC_X86 1
| #define C_FPU 1
| #define C_FPU_X86 1
| #define C_UNALIGNED_MEMORY 1
| #define C_OPENGL 1
| /* end confdefs.h.  */
| #include <stdio.h>
| #ifdef HAVE_SYS_TYPES_H
| # include <sys/types.h>
| #endif
| #ifdef HAVE_SYS_STAT_H
| # include <sys/stat.h>
| #endif
| #ifdef STDC_HEADERS
| # include <stdlib.h>
| # include <stddef.h>
| #else
| # ifdef HAVE_STDLIB_H
| #  include <stdlib.h>
| # endif
| #endif
| #ifdef HAVE_STRING_H
| # if !defined STDC_HEADERS && defined HAVE_MEMORY_H
| #  include <memory.h>
| # endif
| # include <string.h>
| #endif
| #ifdef HAVE_STRINGS_H
| # include <strings.h>
| #endif
| #ifdef HAVE_INTTYPES_H
| # include <inttypes.h>
| #endif
| #ifdef HAVE_STDINT_H
| # include <stdint.h>
| #endif
| #ifdef HAVE_UNISTD_H
| # include <unistd.h>
| #endif
| #include <sys/mman.h>
configure:7160: result: no
configure:7160: checking sys/mman.h presence
configure:7160: gcc -E  -I/usr/local/include/SDL -D_GNU_SOURCE=1 -Dmain=SDL_main conftest.c
conftest.c:42:10: fatal error: sys/mman.h: No such file or directory
 #include <sys/mman.h>
          ^~~~~~~~~~~~
compilation terminated.
configure:7160: $? = 1
configure: failed program was:
| /* confdefs.h */
| #define PACKAGE_NAME "dosbox"
| #define PACKAGE_TARNAME "dosbox"
| #define PACKAGE_VERSION "0.74-3"
| #define PACKAGE_STRING "dosbox 0.74-3"
| #define PACKAGE_BUGREPORT ""
| #define PACKAGE_URL ""
| #define PACKAGE "dosbox"
| #define VERSION "0.74-3"
| #define STDC_HEADERS 1
| #define HAVE_SYS_TYPES_H 1
| #define HAVE_SYS_STAT_H 1
| #define HAVE_STDLIB_H 1
| #define HAVE_STRING_H 1
| #define HAVE_MEMORY_H 1
| #define HAVE_STRINGS_H 1
| #define HAVE_INTTYPES_H 1
| #define HAVE_STDINT_H 1
| #define HAVE_UNISTD_H 1
| #define SIZEOF_UNSIGNED_CHAR 1
| #define SIZEOF_UNSIGNED_SHORT 2
| #define SIZEOF_UNSIGNED_INT 4
| #define SIZEOF_UNSIGNED_LONG 4
| #define SIZEOF_UNSIGNED_LONG_LONG 8
| #define SIZEOF_INT_P 4
| #define HAVE_STDLIB_H 1
| #define HAVE_SYS_TYPES_H 1
| #define ENVIRON_INCLUDED 1
| #define ENVIRON_LINKED 1
| #define C_HAS_ATTRIBUTE 1
| #define C_ATTRIBUTE_ALWAYS_INLINE 1
| #define C_ATTRIBUTE_FASTCALL 1
| #define C_HAS_BUILTIN_EXPECT 1
| #define C_CORE_INLINE 1
| #define C_TARGETCPU X86
| #define C_DYNAMIC_X86 1
| #define C_FPU 1
| #define C_FPU_X86 1
| #define C_UNALIGNED_MEMORY 1
| #define C_OPENGL 1
| /* end confdefs.h.  */
| #include <sys/mman.h>
configure:7160: result: no
configure:7160: checking for sys/mman.h
configure:7160: result: no
configure:7176: checking for realpath
configure:7176: gcc -o conftest.exe -g -O2  -I/usr/local/include/SDL -D_GNU_SOURCE=1 -Dmain=SDL_main -static-libgcc -static-libstdc++ -s conftest.c  -L/usr/local/lib -lmingw32 -lSDLmain -lSDL -mwindows -lopengl32 >&5
C:\Tmp\ccGOR0Mk.o: In function `SDL_main':
C:\aXa\Docs\Software\DosBox\dosbox-0.74-3/conftest.c:76: undefined reference to `realpath'
collect2.exe: error: ld returned 1 exit status
configure:7176: $? = 1
configure: failed program was:
| /* confdefs.h */
| #define PACKAGE_NAME "dosbox"
| #define PACKAGE_TARNAME "dosbox"
| #define PACKAGE_VERSION "0.74-3"
| #define PACKAGE_STRING "dosbox 0.74-3"
| #define PACKAGE_BUGREPORT ""
| #define PACKAGE_URL ""
| #define PACKAGE "dosbox"
| #define VERSION "0.74-3"
| #define STDC_HEADERS 1
| #define HAVE_SYS_TYPES_H 1
| #define HAVE_SYS_STAT_H 1
| #define HAVE_STDLIB_H 1
| #define HAVE_STRING_H 1
| #define HAVE_MEMORY_H 1
| #define HAVE_STRINGS_H 1
| #define HAVE_INTTYPES_H 1
| #define HAVE_STDINT_H 1
| #define HAVE_UNISTD_H 1
| #define SIZEOF_UNSIGNED_CHAR 1
| #define SIZEOF_UNSIGNED_SHORT 2
| #define SIZEOF_UNSIGNED_INT 4
| #define SIZEOF_UNSIGNED_LONG 4
| #define SIZEOF_UNSIGNED_LONG_LONG 8
| #define SIZEOF_INT_P 4
| #define HAVE_STDLIB_H 1
| #define HAVE_SYS_TYPES_H 1
| #define ENVIRON_INCLUDED 1
| #define ENVIRON_LINKED 1
| #define C_HAS_ATTRIBUTE 1
| #define C_ATTRIBUTE_ALWAYS_INLINE 1
| #define C_ATTRIBUTE_FASTCALL 1
| #define C_HAS_BUILTIN_EXPECT 1
| #define C_CORE_INLINE 1
| #define C_TARGETCPU X86
| #define C_DYNAMIC_X86 1
| #define C_FPU 1
| #define C_FPU_X86 1
| #define C_UNALIGNED_MEMORY 1
| #define C_OPENGL 1
| /* end confdefs.h.  */
| /* Define realpath to an innocuous variant, in case <limits.h> declares realpath.
|    For example, HP-UX 11i <limits.h> declares gettimeofday.  */
| #define realpath innocuous_realpath
| 
| /* System header to define __stub macros and hopefully few prototypes,
|     which can conflict with char realpath (); below.
|     Prefer <limits.h> to <assert.h> if __STDC__ is defined, since
|     <limits.h> exists even on freestanding compilers.  */
| 
| #ifdef __STDC__
| # include <limits.h>
| #else
| # include <assert.h>
| #endif
| 
| #undef realpath
| 
| /* Override any GCC internal prototype to avoid an error.
|    Use char because int might match the return type of a GCC
|    builtin and then its argument prototype would still apply.  */
| #ifdef __cplusplus
| extern "C"
| #endif
| char realpath ();
| /* The GNU C library defines this for functions which it implements
|     to always fail with ENOSYS.  Some functions are actually named
|     something starting with __ and the normal name is an alias.  */
| #if defined __stub_realpath || defined __stub___realpath
| choke me
| #endif
| 
| int
| main ()
| {
| return realpath ();
|   ;
|   return 0;
| }
configure:7176: result: no
configure:7187: checking for setpriority support
configure:7198: gcc -o conftest.exe -g -O2  -I/usr/local/include/SDL -D_GNU_SOURCE=1 -Dmain=SDL_main -static-libgcc -static-libstdc++ -s conftest.c  -L/usr/local/lib -lmingw32 -lSDLmain -lSDL -mwindows -lopengl32 >&5
conftest.c:43:10: fatal error: sys/resource.h: No such file or directory
 #include <sys/resource.h>
          ^~~~~~~~~~~~~~~~
compilation terminated.
configure:7198: $? = 1
configure: failed program was:
| /* confdefs.h */
| #define PACKAGE_NAME "dosbox"
| #define PACKAGE_TARNAME "dosbox"
| #define PACKAGE_VERSION "0.74-3"
| #define PACKAGE_STRING "dosbox 0.74-3"
| #define PACKAGE_BUGREPORT ""
| #define PACKAGE_URL ""
| #define PACKAGE "dosbox"
| #define VERSION "0.74-3"
| #define STDC_HEADERS 1
| #define HAVE_SYS_TYPES_H 1
| #define HAVE_SYS_STAT_H 1
| #define HAVE_STDLIB_H 1
| #define HAVE_STRING_H 1
| #define HAVE_MEMORY_H 1
| #define HAVE_STRINGS_H 1
| #define HAVE_INTTYPES_H 1
| #define HAVE_STDINT_H 1
| #define HAVE_UNISTD_H 1
| #define SIZEOF_UNSIGNED_CHAR 1
| #define SIZEOF_UNSIGNED_SHORT 2
| #define SIZEOF_UNSIGNED_INT 4
| #define SIZEOF_UNSIGNED_LONG 4
| #define SIZEOF_UNSIGNED_LONG_LONG 8
| #define SIZEOF_INT_P 4
| #define HAVE_STDLIB_H 1
| #define HAVE_SYS_TYPES_H 1
| #define ENVIRON_INCLUDED 1
| #define ENVIRON_LINKED 1
| #define C_HAS_ATTRIBUTE 1
| #define C_ATTRIBUTE_ALWAYS_INLINE 1
| #define C_ATTRIBUTE_FASTCALL 1
| #define C_HAS_BUILTIN_EXPECT 1
| #define C_CORE_INLINE 1
| #define C_TARGETCPU X86
| #define C_DYNAMIC_X86 1
| #define C_FPU 1
| #define C_FPU_X86 1
| #define C_UNALIGNED_MEMORY 1
| #define C_OPENGL 1
| /* end confdefs.h.  */
| 
| #include <sys/resource.h>
| int main(int argc,char * argv) {
| 	return setpriority (PRIO_PROCESS, 0,PRIO_MIN+PRIO_MAX);
| };
| 
configure:7203: result: no
configure:7215: checking ddraw.h usability
configure:7215: gcc -c -g -O2  -I/usr/local/include/SDL -D_GNU_SOURCE=1 -Dmain=SDL_main conftest.c >&5
configure:7215: $? = 0
configure:7215: result: yes
configure:7215: checking ddraw.h presence
configure:7215: gcc -E  -I/usr/local/include/SDL -D_GNU_SOURCE=1 -Dmain=SDL_main conftest.c
configure:7215: $? = 0
configure:7215: result: yes
configure:7215: checking for ddraw.h
configure:7215: result: yes
configure:7312: checking for windres
configure:7328: found /mingw/mingw32/bin/windres
configure:7339: result: windres
configure:7518: creating ./config.status

## ---------------------- ##
## Running config.status. ##
## ---------------------- ##

This file was extended by dosbox config.status 0.74-3, which was
generated by GNU Autoconf 2.68.  Invocation command line was

  CONFIG_FILES    = 
  CONFIG_HEADERS  = 
  CONFIG_LINKS    = 
  CONFIG_COMMANDS = 
  $ ./config.status 

on Bubba

config.status:929: creating Makefile
config.status:929: creating src/Makefile
config.status:929: creating src/cpu/Makefile
config.status:929: creating src/cpu/core_full/Makefile
config.status:929: creating src/cpu/core_normal/Makefile
config.status:929: creating src/cpu/core_dyn_x86/Makefile
config.status:929: creating src/cpu/core_dynrec/Makefile
config.status:929: creating src/debug/Makefile
config.status:929: creating src/dos/Makefile
config.status:929: creating src/fpu/Makefile
config.status:929: creating src/gui/Makefile
config.status:929: creating src/hardware/Makefile
config.status:929: creating src/hardware/mame/Makefile
config.status:929: creating src/hardware/serialport/Makefile
config.status:929: creating src/ints/Makefile
config.status:929: creating src/libs/Makefile
config.status:929: creating src/libs/zmbv/Makefile
config.status:929: creating src/libs/gui_tk/Makefile
config.status:929: creating src/misc/Makefile
config.status:929: creating src/shell/Makefile
config.status:929: creating src/platform/Makefile
config.status:929: creating src/platform/visualc/Makefile
config.status:929: creating visualc_net/Makefile
config.status:929: creating include/Makefile
config.status:929: creating docs/Makefile
config.status:929: creating config.h
config.status:1158: executing depfiles commands

## ---------------- ##
## Cache variables. ##
## ---------------- ##

ac_cv_build=i686-pc-mingw32
ac_cv_c_bigendian=no
ac_cv_c_compiler_gnu=yes
ac_cv_c_const=yes
ac_cv_c_inline=inline
ac_cv_cxx_compiler_gnu=yes
ac_cv_env_CCC_set=
ac_cv_env_CCC_value=
ac_cv_env_CC_set=
ac_cv_env_CC_value=
ac_cv_env_CFLAGS_set=
ac_cv_env_CFLAGS_value=
ac_cv_env_CPPFLAGS_set=
ac_cv_env_CPPFLAGS_value=
ac_cv_env_CPP_set=
ac_cv_env_CPP_value=
ac_cv_env_CXXFLAGS_set=
ac_cv_env_CXXFLAGS_value=
ac_cv_env_CXX_set=
ac_cv_env_CXX_value=
ac_cv_env_LDFLAGS_set=set
ac_cv_env_LDFLAGS_value='-static-libgcc -static-libstdc++ -s'
ac_cv_env_LIBS_set=
ac_cv_env_LIBS_value=
ac_cv_env_build_alias_set=
ac_cv_env_build_alias_value=
ac_cv_env_host_alias_set=
ac_cv_env_host_alias_value=
ac_cv_env_target_alias_set=
ac_cv_env_target_alias_value=
ac_cv_exeext=.exe
ac_cv_func_realpath=no
ac_cv_header_GL_gl_h=yes
ac_cv_header_SDL_net_h=no
ac_cv_header_SDL_sound_h=no
ac_cv_header_X11_XKBlib_h=no
ac_cv_header_ddraw_h=yes
ac_cv_header_inttypes_h=yes
ac_cv_header_memory_h=yes
ac_cv_header_netinet_in_h=no
ac_cv_header_png_h=no
ac_cv_header_pwd_h=no
ac_cv_header_stdc=yes
ac_cv_header_stdint_h=yes
ac_cv_header_stdlib_h=yes
ac_cv_header_string_h=yes
ac_cv_header_strings_h=yes
ac_cv_header_sys_mman_h=no
ac_cv_header_sys_socket_h=no
ac_cv_header_sys_stat_h=yes
ac_cv_header_sys_types_h=yes
ac_cv_header_unistd_h=yes
ac_cv_host=i686-pc-mingw32
ac_cv_lib_GL_main=no
ac_cv_lib_SDL_net_SDLNet_Init=no
ac_cv_lib_SDL_sound_Sound_Init=no
ac_cv_lib_SDL_sound_Sound_Seek=no
ac_cv_lib_X11_main=no
ac_cv_lib_asound_snd_ctl_open=no
ac_cv_lib_opengl32_main=yes
ac_cv_lib_png_png_get_io_ptr=no
ac_cv_objext=o
ac_cv_path_EGREP='/bin/grep -E'
ac_cv_path_GREP=/bin/grep
ac_cv_path_SDL_CONFIG=/usr/local/bin/sdl-config
ac_cv_path_install='/bin/install -c'
ac_cv_path_mkdir=/bin/mkdir
ac_cv_prog_AWK=gawk
ac_cv_prog_CPP='gcc -E'
ac_cv_prog_ac_ct_CC=gcc
ac_cv_prog_ac_ct_CXX=g++
ac_cv_prog_ac_ct_RANLIB=ranlib
ac_cv_prog_ac_ct_WINDRES=windres
ac_cv_prog_cc_c89=
ac_cv_prog_cc_g=yes
ac_cv_prog_cxx_g=yes
ac_cv_prog_make_make_set=yes
ac_cv_sizeof_int_p=4
ac_cv_sizeof_unsigned_char=1
ac_cv_sizeof_unsigned_int=4
ac_cv_sizeof_unsigned_long=4
ac_cv_sizeof_unsigned_long_long=8
ac_cv_sizeof_unsigned_short=2
ac_cv_struct_tm=time.h
ac_cv_type_size_t=yes
am_cv_CC_dependencies_compiler_type=gcc3
am_cv_CXX_dependencies_compiler_type=gcc3

## ----------------- ##
## Output variables. ##
## ----------------- ##

ACLOCAL='${SHELL} /sw/dosbox-0.74-3/missing --run aclocal-1.11'
ALSA_CFLAGS=''
ALSA_LIBS=''
AMDEPBACKSLASH='\'
AMDEP_FALSE='#'
AMDEP_TRUE=''
AMTAR='${SHELL} /sw/dosbox-0.74-3/missing --run tar'
AUTOCONF='${SHELL} /sw/dosbox-0.74-3/missing --run autoconf'
AUTOHEADER='${SHELL} /sw/dosbox-0.74-3/missing --run autoheader'
AUTOMAKE='${SHELL} /sw/dosbox-0.74-3/missing --run automake-1.11'
AWK='gawk'
CC='gcc'
CCDEPMODE='depmode=gcc3'
CFLAGS='-g -O2'
CPP='gcc -E'
CPPFLAGS=' -I/usr/local/include/SDL -D_GNU_SOURCE=1 -Dmain=SDL_main'
CXX='g++'
CXXDEPMODE='depmode=gcc3'
CXXFLAGS='-g -O2 -mno-ms-bitfields '
CYGPATH_W='echo'
DEFS='-DHAVE_CONFIG_H'
DEPDIR='.deps'
ECHO_C=''
ECHO_N='-n'
ECHO_T=''
EGREP='/bin/grep -E'
EXEEXT='.exe'
GREP='/bin/grep'
HAVE_WINDRES_FALSE='#'
HAVE_WINDRES_TRUE=''
INSTALL_DATA='${INSTALL} -m 644'
INSTALL_PROGRAM='${INSTALL}'
INSTALL_SCRIPT='${INSTALL}'
INSTALL_STRIP_PROGRAM='$(install_sh) -c -s'
LDFLAGS='-static-libgcc -static-libstdc++ -s'
LIBOBJS=''
LIBS=' -L/usr/local/lib -lmingw32 -lSDLmain -lSDL -mwindows -lopengl32 -lwinmm'
LTLIBOBJS=''
MAKEINFO='${SHELL} /sw/dosbox-0.74-3/missing --run makeinfo'
MKDIR_P='/bin/mkdir -p'
OBJEXT='o'
PACKAGE='dosbox'
PACKAGE_BUGREPORT=''
PACKAGE_NAME='dosbox'
PACKAGE_STRING='dosbox 0.74-3'
PACKAGE_TARNAME='dosbox'
PACKAGE_URL=''
PACKAGE_VERSION='0.74-3'
PATH_SEPARATOR=':'
RANLIB='ranlib'
SDL_CFLAGS='-I/usr/local/include/SDL -D_GNU_SOURCE=1 -Dmain=SDL_main'
SDL_CONFIG='/usr/local/bin/sdl-config'
SDL_LIBS='-L/usr/local/lib -lmingw32 -lSDLmain -lSDL -mwindows'
SET_MAKE=''
SHELL='/bin/sh'
STRIP=''
VERSION='0.74-3'
WINDRES='windres'
ac_ct_CC='gcc'
ac_ct_CXX='g++'
am__EXEEXT_FALSE='#'
am__EXEEXT_TRUE=''
am__fastdepCC_FALSE='#'
am__fastdepCC_TRUE=''
am__fastdepCXX_FALSE='#'
am__fastdepCXX_TRUE=''
am__include='include'
am__isrc=''
am__leading_dot='.'
am__quote=''
am__tar='${AMTAR} chof - "$$tardir"'
am__untar='${AMTAR} xf -'
bindir='${exec_prefix}/bin'
build='i686-pc-mingw32'
build_alias=''
build_cpu='i686'
build_os='mingw32'
build_vendor='pc'
datadir='${datarootdir}'
datarootdir='${prefix}/share'
docdir='${datarootdir}/doc/${PACKAGE_TARNAME}'
dvidir='${docdir}'
exec_prefix='${prefix}'
host='i686-pc-mingw32'
host_alias=''
host_cpu='i686'
host_os='mingw32'
host_vendor='pc'
htmldir='${docdir}'
includedir='${prefix}/include'
infodir='${datarootdir}/info'
install_sh='${SHELL} /sw/dosbox-0.74-3/install-sh'
libdir='${exec_prefix}/lib'
libexecdir='${exec_prefix}/libexec'
localedir='${datarootdir}/locale'
localstatedir='${prefix}/var'
mandir='${datarootdir}/man'
mkdir_p='/bin/mkdir -p'
oldincludedir='/usr/include'
pdfdir='${docdir}'
prefix='/usr/local'
program_transform_name='s,x,x,'
psdir='${docdir}'
sbindir='${exec_prefix}/sbin'
sharedstatedir='${prefix}/com'
sysconfdir='${prefix}/etc'
target_alias=''

## ----------- ##
## confdefs.h. ##
## ----------- ##

/* confdefs.h */
#define PACKAGE_NAME "dosbox"
#define PACKAGE_TARNAME "dosbox"
#define PACKAGE_VERSION "0.74-3"
#define PACKAGE_STRING "dosbox 0.74-3"
#define PACKAGE_BUGREPORT ""
#define PACKAGE_URL ""
#define PACKAGE "dosbox"
#define VERSION "0.74-3"
#define STDC_HEADERS 1
#define HAVE_SYS_TYPES_H 1
#define HAVE_SYS_STAT_H 1
#define HAVE_STDLIB_H 1
#define HAVE_STRING_H 1
#define HAVE_MEMORY_H 1
#define HAVE_STRINGS_H 1
#define HAVE_INTTYPES_H 1
#define HAVE_STDINT_H 1
#define HAVE_UNISTD_H 1
#define SIZEOF_UNSIGNED_CHAR 1
#define SIZEOF_UNSIGNED_SHORT 2
#define SIZEOF_UNSIGNED_INT 4
#define SIZEOF_UNSIGNED_LONG 4
#define SIZEOF_UNSIGNED_LONG_LONG 8
#define SIZEOF_INT_P 4
#define HAVE_STDLIB_H 1
#define HAVE_SYS_TYPES_H 1
#define ENVIRON_INCLUDED 1
#define ENVIRON_LINKED 1
#define C_HAS_ATTRIBUTE 1
#define C_ATTRIBUTE_ALWAYS_INLINE 1
#define C_ATTRIBUTE_FASTCALL 1
#define C_HAS_BUILTIN_EXPECT 1
#define C_CORE_INLINE 1
#define C_TARGETCPU X86
#define C_DYNAMIC_X86 1
#define C_FPU 1
#define C_FPU_X86 1
#define C_UNALIGNED_MEMORY 1
#define C_OPENGL 1
#define HAVE_DDRAW_H 1
#define C_DIRECTSERIAL 1

configure: exit 0
